2015/10/09 12:32:12 INFO  - jmeter.util.JMeterUtils: Setting Locale to ja_JP 
2015/10/09 12:32:12 INFO  - jmeter.util.JMeterUtils: Could not find resources for 'ja_JP', using 'ja' 
2015/10/09 12:32:12 INFO  - jmeter.JMeter: Loading user properties from: /usr/local/Cellar/jmeter/2.13/libexec/bin/user.properties 
2015/10/09 12:32:12 INFO  - jmeter.JMeter: Loading system properties from: /usr/local/Cellar/jmeter/2.13/libexec/bin/system.properties 
2015/10/09 12:32:12 INFO  - jmeter.JMeter: Copyright (c) 1998-2015 The Apache Software Foundation 
2015/10/09 12:32:12 INFO  - jmeter.JMeter: Version 2.13 r1665067 
2015/10/09 12:32:12 INFO  - jmeter.JMeter: java.version=1.8.0_40 
2015/10/09 12:32:12 INFO  - jmeter.JMeter: java.vm.name=Java HotSpot(TM) 64-Bit Server VM 
2015/10/09 12:32:12 INFO  - jmeter.JMeter: os.name=Mac OS X 
2015/10/09 12:32:12 INFO  - jmeter.JMeter: os.arch=x86_64 
2015/10/09 12:32:12 INFO  - jmeter.JMeter: os.version=10.10.5 
2015/10/09 12:32:12 INFO  - jmeter.JMeter: file.encoding=UTF-8 
2015/10/09 12:32:12 INFO  - jmeter.JMeter: Default Locale=日本語 (日本) 
2015/10/09 12:32:12 INFO  - jmeter.JMeter: JMeter  Locale=日本語 (日本) 
2015/10/09 12:32:12 INFO  - jmeter.JMeter: JMeterHome=/usr/local/Cellar/jmeter/2.13/libexec 
2015/10/09 12:32:12 INFO  - jmeter.JMeter: user.dir  =/Users/hama_du/projects/backend-speed-experiment/sinatra-mysql 
2015/10/09 12:32:12 INFO  - jmeter.JMeter: PWD       =/Users/hama_du/projects/backend-speed-experiment/sinatra-mysql 
2015/10/09 12:32:12 INFO  - jmeter.JMeter: IP: 192.168.1.111 Name: megatech.local FullName: 192.168.1.111 
2015/10/09 12:32:12 INFO  - jmeter.gui.action.LookAndFeelCommand: Using look and feel: com.apple.laf.AquaLookAndFeel [Mac OS X, System] 
2015/10/09 12:32:12 INFO  - jmeter.JMeter: Loaded icon properties from org/apache/jmeter/images/icon.properties 
2015/10/09 12:32:13 INFO  - jmeter.engine.util.CompoundVariable: Note: Function class names must contain the string: '.functions.' 
2015/10/09 12:32:13 INFO  - jmeter.engine.util.CompoundVariable: Note: Function class names must not contain the string: '.gui.' 
2015/10/09 12:32:14 INFO  - jmeter.util.BSFTestElement: Registering JMeter version of JavaScript engine as work-round for BSF-22 
2015/10/09 12:32:14 INFO  - jmeter.protocol.http.sampler.HTTPSamplerBase: Cannot find .className property for htmlParser, using default 
2015/10/09 12:32:14 INFO  - jmeter.protocol.http.sampler.HTTPSamplerBase: Parser for text/html is  
2015/10/09 12:32:14 INFO  - jmeter.protocol.http.sampler.HTTPSamplerBase: Parser for application/xhtml+xml is  
2015/10/09 12:32:14 INFO  - jmeter.protocol.http.sampler.HTTPSamplerBase: Parser for application/xml is  
2015/10/09 12:32:14 INFO  - jmeter.protocol.http.sampler.HTTPSamplerBase: Parser for text/xml is  
2015/10/09 12:32:14 INFO  - jmeter.protocol.http.sampler.HTTPSamplerBase: Parser for text/vnd.wap.wml is org.apache.jmeter.protocol.http.parser.RegexpHTMLParser 
2015/10/09 12:32:14 INFO  - jmeter.gui.util.MenuFactory: Skipping org.apache.jmeter.protocol.http.control.gui.WebServiceSamplerGui 
2015/10/09 12:32:15 INFO  - jmeter.gui.util.MenuFactory: Skipping org.apache.jmeter.protocol.http.modifier.gui.ParamModifierGui 
2015/10/09 12:32:15 INFO  - jorphan.exec.KeyToolUtils: keytool found at 'keytool' 
2015/10/09 12:32:15 INFO  - jmeter.protocol.http.proxy.ProxyControl: HTTP(S) Test Script Recorder SSL Proxy will use keys that support embedded 3rd party resources in file /usr/local/Cellar/jmeter/2.13/libexec/bin/proxyserver.jks 
2015/10/09 12:32:15 INFO  - jmeter.samplers.SampleResult: Note: Sample TimeStamps are START times 
2015/10/09 12:32:15 INFO  - jmeter.samplers.SampleResult: sampleresult.default.encoding is set to ISO-8859-1 
2015/10/09 12:32:15 INFO  - jmeter.samplers.SampleResult: sampleresult.useNanoTime=true 
2015/10/09 12:32:15 INFO  - jmeter.samplers.SampleResult: sampleresult.nanoThreadSleep=5000 
2015/10/09 12:32:21 INFO  - jmeter.services.FileServer: Default base='/Users/hama_du/projects/backend-speed-experiment/sinatra-mysql' 
2015/10/09 12:32:21 INFO  - jmeter.gui.action.Load: Loading file: /Users/hama_du/projects/backend-speed-experiment/sinatra-mysql/test.jmx 
2015/10/09 12:32:21 INFO  - jmeter.services.FileServer: Set new base='/Users/hama_du/projects/backend-speed-experiment/sinatra-mysql' 
2015/10/09 12:32:22 INFO  - jmeter.save.SaveService: Testplan (JMX) version: 2.2. Testlog (JTL) version: 2.2 
2015/10/09 12:32:22 INFO  - jmeter.save.SaveService: Using SaveService properties file encoding UTF-8 
2015/10/09 12:32:22 INFO  - jmeter.save.SaveService: Using SaveService properties file version 1656252 
2015/10/09 12:32:22 INFO  - jmeter.save.SaveService: Using SaveService properties version 2.8 
2015/10/09 12:32:22 INFO  - jmeter.save.SaveService: All converter versions present and correct 
2015/10/09 12:32:22 INFO  - jmeter.save.SaveService: Loading file: /Users/hama_du/projects/backend-speed-experiment/sinatra-mysql/test.jmx 
2015/10/09 12:32:22 INFO  - jmeter.services.FileServer: Set new base='/Users/hama_du/projects/backend-speed-experiment/sinatra-mysql' 
2015/10/09 12:32:29 INFO  - jmeter.engine.StandardJMeterEngine: Listeners will be started after enabling running version 
2015/10/09 12:32:29 INFO  - jmeter.engine.StandardJMeterEngine: To revert to the earlier behaviour, define jmeterengine.startlistenerslater=false 
2015/10/09 12:32:29 INFO  - jmeter.engine.StandardJMeterEngine: Running the test! 
2015/10/09 12:32:29 INFO  - jmeter.samplers.SampleEvent: List of sample_variables: [] 
2015/10/09 12:32:29 INFO  - jmeter.samplers.SampleEvent: List of sample_variables: [] 
2015/10/09 12:32:29 INFO  - jmeter.gui.util.JMeterMenuBar: setRunning(true,*local*) 
2015/10/09 12:32:29 INFO  - jmeter.engine.StandardJMeterEngine: Starting ThreadGroup: 1 : スレッドグループ 
2015/10/09 12:32:29 INFO  - jmeter.engine.StandardJMeterEngine: Starting 300 threads for group スレッドグループ. 
2015/10/09 12:32:29 INFO  - jmeter.engine.StandardJMeterEngine: Thread will continue on error 
2015/10/09 12:32:29 INFO  - jmeter.threads.ThreadGroup: Starting thread group number 1 threads 300 ramp-up 50 perThread 166.66667 delayedStart=false 
2015/10/09 12:32:29 INFO  - jmeter.threads.JMeterThread: jmeterthread.startearlier=true (see jmeter.properties) 
2015/10/09 12:32:29 INFO  - jmeter.threads.JMeterThread: Running PostProcessors in forward order 
2015/10/09 12:32:29 INFO  - jmeter.threads.JMeterThread: Thread started: スレッドグループ 1-1 
2015/10/09 12:32:29 INFO  - jmeter.protocol.http.sampler.HTTPHCAbstractImpl: Local host = megatech.local 
2015/10/09 12:32:29 INFO  - jmeter.protocol.http.sampler.HTTPHC4Impl: HTTP request retry count = 0 
2015/10/09 12:32:29 INFO  - jmeter.protocol.http.sampler.HTTPHC4Impl: Setting up HTTPS TrustAll scheme 
2015/10/09 12:32:29 INFO  - jmeter.util.JsseSSLManager: Using default SSL protocol: TLS 
2015/10/09 12:32:29 INFO  - jmeter.util.JsseSSLManager: SSL session context: per-thread 
2015/10/09 12:32:29 INFO  - jmeter.threads.JMeterThread: Thread started: スレッドグループ 1-2 
2015/10/09 12:32:29 INFO  - jmeter.threads.ThreadGroup: Started thread group number 1 
2015/10/09 12:32:29 INFO  - jmeter.engine.StandardJMeterEngine: All thread groups have been started 
2015/10/09 12:32:30 INFO  - jmeter.threads.JMeterThread: Thread started: スレッドグループ 1-3 
2015/10/09 12:32:30 INFO  - jmeter.threads.JMeterThread: Thread started: スレッドグループ 1-4 
2015/10/09 12:32:30 INFO  - jmeter.threads.JMeterThread: Thread started: スレッドグループ 1-5 
2015/10/09 12:32:30 INFO  - jmeter.threads.JMeterThread: Thread started: スレッドグループ 1-6 
2015/10/09 12:32:30 INFO  - jmeter.threads.JMeterThread: Thread started: スレッドグループ 1-7 
2015/10/09 12:32:30 INFO  - jmeter.threads.JMeterThread: Thread started: スレッドグループ 1-8 
2015/10/09 12:32:31 INFO  - jmeter.threads.JMeterThread: Thread started: スレッドグループ 1-9 
2015/10/09 12:32:31 INFO  - jmeter.threads.JMeterThread: Thread started: スレッドグループ 1-10 
2015/10/09 12:32:31 INFO  - jmeter.threads.JMeterThread: Thread started: スレッドグループ 1-11 
2015/10/09 12:32:31 INFO  - jmeter.threads.JMeterThread: Thread started: スレッドグループ 1-12 
2015/10/09 12:32:31 INFO  - jmeter.threads.JMeterThread: Thread started: スレッドグループ 1-13 
2015/10/09 12:32:31 INFO  - jmeter.threads.JMeterThread: Thread started: スレッドグループ 1-14 
2015/10/09 12:32:32 INFO  - jmeter.threads.JMeterThread: Thread started: スレッドグループ 1-15 
2015/10/09 12:32:32 INFO  - jmeter.threads.JMeterThread: Thread started: スレッドグループ 1-16 
2015/10/09 12:32:32 INFO  - jmeter.threads.JMeterThread: Thread started: スレッドグループ 1-17 
2015/10/09 12:32:32 INFO  - jmeter.threads.JMeterThread: Thread started: スレッドグループ 1-18 
2015/10/09 12:32:32 INFO  - jmeter.threads.JMeterThread: Thread started: スレッドグループ 1-19 
2015/10/09 12:32:32 INFO  - jmeter.threads.JMeterThread: Thread started: スレッドグループ 1-20 
2015/10/09 12:32:33 INFO  - jmeter.threads.JMeterThread: Thread started: スレッドグループ 1-21 
2015/10/09 12:32:33 INFO  - jmeter.threads.JMeterThread: Thread started: スレッドグループ 1-22 
2015/10/09 12:32:33 INFO  - jmeter.threads.JMeterThread: Thread started: スレッドグループ 1-23 
2015/10/09 12:32:33 INFO  - jmeter.threads.JMeterThread: Thread started: スレッドグループ 1-24 
2015/10/09 12:32:33 INFO  - jmeter.threads.JMeterThread: Thread started: スレッドグループ 1-25 
2015/10/09 12:32:33 INFO  - jmeter.threads.JMeterThread: Thread started: スレッドグループ 1-26 
2015/10/09 12:32:34 INFO  - jmeter.threads.JMeterThread: Thread started: スレッドグループ 1-27 
2015/10/09 12:32:34 INFO  - jmeter.threads.JMeterThread: Thread started: スレッドグループ 1-28 
2015/10/09 12:32:34 INFO  - jmeter.threads.JMeterThread: Thread started: スレッドグループ 1-29 
2015/10/09 12:32:34 INFO  - jmeter.threads.JMeterThread: Thread started: スレッドグループ 1-30 
2015/10/09 12:32:34 INFO  - jmeter.threads.JMeterThread: Thread started: スレッドグループ 1-31 
2015/10/09 12:32:34 INFO  - jmeter.threads.JMeterThread: Thread started: スレッドグループ 1-32 
2015/10/09 12:32:35 INFO  - jmeter.threads.JMeterThread: Thread started: スレッドグループ 1-33 
2015/10/09 12:32:35 INFO  - jmeter.threads.JMeterThread: Thread started: スレッドグループ 1-34 
2015/10/09 12:32:35 INFO  - jmeter.threads.JMeterThread: Thread started: スレッドグループ 1-35 
2015/10/09 12:32:35 INFO  - jmeter.threads.JMeterThread: Thread started: スレッドグループ 1-36 
2015/10/09 12:32:35 INFO  - jmeter.threads.JMeterThread: Thread started: スレッドグループ 1-37 
2015/10/09 12:32:35 INFO  - jmeter.threads.JMeterThread: Thread started: スレッドグループ 1-38 
2015/10/09 12:32:36 INFO  - jmeter.threads.JMeterThread: Thread started: スレッドグループ 1-39 
2015/10/09 12:32:36 INFO  - jmeter.threads.JMeterThread: Thread started: スレッドグループ 1-40 
2015/10/09 12:32:36 INFO  - jmeter.threads.JMeterThread: Thread started: スレッドグループ 1-41 
2015/10/09 12:32:36 INFO  - jmeter.threads.JMeterThread: Thread started: スレッドグループ 1-42 
2015/10/09 12:32:36 INFO  - jmeter.threads.JMeterThread: Thread started: スレッドグループ 1-43 
2015/10/09 12:32:36 INFO  - jmeter.threads.JMeterThread: Thread started: スレッドグループ 1-44 
2015/10/09 12:32:37 INFO  - jmeter.threads.JMeterThread: Thread started: スレッドグループ 1-45 
2015/10/09 12:32:37 INFO  - jmeter.threads.JMeterThread: Thread started: スレッドグループ 1-46 
2015/10/09 12:32:37 INFO  - jmeter.threads.JMeterThread: Thread started: スレッドグループ 1-47 
2015/10/09 12:32:37 INFO  - jmeter.threads.JMeterThread: Thread started: スレッドグループ 1-48 
2015/10/09 12:32:37 INFO  - jmeter.threads.JMeterThread: Thread started: スレッドグループ 1-49 
2015/10/09 12:32:37 INFO  - jmeter.threads.JMeterThread: Thread started: スレッドグループ 1-50 
2015/10/09 12:32:38 INFO  - jmeter.threads.JMeterThread: Thread started: スレッドグループ 1-51 
2015/10/09 12:32:38 INFO  - jmeter.threads.JMeterThread: Thread started: スレッドグループ 1-52 
2015/10/09 12:32:38 INFO  - jmeter.threads.JMeterThread: Thread started: スレッドグループ 1-53 
2015/10/09 12:32:38 INFO  - jmeter.threads.JMeterThread: Thread started: スレッドグループ 1-54 
2015/10/09 12:32:38 INFO  - jmeter.threads.JMeterThread: Thread started: スレッドグループ 1-55 
2015/10/09 12:32:38 INFO  - jmeter.threads.JMeterThread: Thread started: スレッドグループ 1-56 
2015/10/09 12:32:39 INFO  - jmeter.threads.JMeterThread: Thread started: スレッドグループ 1-57 
2015/10/09 12:32:39 INFO  - jmeter.threads.JMeterThread: Thread started: スレッドグループ 1-58 
2015/10/09 12:32:39 INFO  - jmeter.threads.JMeterThread: Thread started: スレッドグループ 1-59 
2015/10/09 12:32:39 INFO  - jmeter.threads.JMeterThread: Thread started: スレッドグループ 1-60 
2015/10/09 12:32:39 INFO  - jmeter.threads.JMeterThread: Thread started: スレッドグループ 1-61 
2015/10/09 12:32:39 INFO  - jmeter.threads.JMeterThread: Thread started: スレッドグループ 1-62 
2015/10/09 12:32:40 INFO  - jmeter.threads.JMeterThread: Thread started: スレッドグループ 1-63 
2015/10/09 12:32:40 INFO  - jmeter.threads.JMeterThread: Thread started: スレッドグループ 1-64 
2015/10/09 12:32:40 INFO  - jmeter.threads.JMeterThread: Thread started: スレッドグループ 1-65 
2015/10/09 12:32:40 INFO  - jmeter.threads.JMeterThread: Thread started: スレッドグループ 1-66 
2015/10/09 12:32:40 INFO  - jmeter.threads.JMeterThread: Thread started: スレッドグループ 1-67 
2015/10/09 12:32:40 INFO  - jmeter.threads.JMeterThread: Thread started: スレッドグループ 1-68 
2015/10/09 12:32:41 INFO  - jmeter.threads.JMeterThread: Thread started: スレッドグループ 1-69 
2015/10/09 12:32:41 INFO  - jmeter.threads.JMeterThread: Thread started: スレッドグループ 1-70 
2015/10/09 12:32:41 INFO  - jmeter.threads.JMeterThread: Thread started: スレッドグループ 1-71 
2015/10/09 12:32:41 INFO  - jmeter.threads.JMeterThread: Thread started: スレッドグループ 1-72 
2015/10/09 12:32:41 INFO  - jmeter.threads.JMeterThread: Thread started: スレッドグループ 1-73 
2015/10/09 12:32:41 INFO  - jmeter.threads.JMeterThread: Thread started: スレッドグループ 1-74 
2015/10/09 12:32:42 INFO  - jmeter.threads.JMeterThread: Thread started: スレッドグループ 1-75 
2015/10/09 12:32:42 INFO  - jmeter.threads.JMeterThread: Thread started: スレッドグループ 1-76 
2015/10/09 12:32:42 INFO  - jmeter.threads.JMeterThread: Thread started: スレッドグループ 1-77 
2015/10/09 12:32:42 INFO  - jmeter.threads.JMeterThread: Thread started: スレッドグループ 1-78 
2015/10/09 12:32:42 INFO  - jmeter.threads.JMeterThread: Thread started: スレッドグループ 1-79 
2015/10/09 12:32:42 INFO  - jmeter.threads.JMeterThread: Thread started: スレッドグループ 1-80 
2015/10/09 12:32:43 INFO  - jmeter.threads.JMeterThread: Thread started: スレッドグループ 1-81 
2015/10/09 12:32:43 INFO  - jmeter.threads.JMeterThread: Thread started: スレッドグループ 1-82 
2015/10/09 12:32:43 INFO  - jmeter.threads.JMeterThread: Thread started: スレッドグループ 1-83 
2015/10/09 12:32:43 INFO  - jmeter.threads.JMeterThread: Thread started: スレッドグループ 1-84 
2015/10/09 12:32:43 INFO  - jmeter.threads.JMeterThread: Thread started: スレッドグループ 1-85 
2015/10/09 12:32:43 INFO  - jmeter.threads.JMeterThread: Thread started: スレッドグループ 1-86 
2015/10/09 12:32:44 INFO  - jmeter.threads.JMeterThread: Thread started: スレッドグループ 1-87 
2015/10/09 12:32:44 INFO  - jmeter.threads.JMeterThread: Thread started: スレッドグループ 1-88 
2015/10/09 12:32:44 INFO  - jmeter.threads.JMeterThread: Thread started: スレッドグループ 1-89 
2015/10/09 12:32:44 INFO  - jmeter.threads.JMeterThread: Thread started: スレッドグループ 1-90 
2015/10/09 12:32:44 INFO  - jmeter.threads.JMeterThread: Thread started: スレッドグループ 1-91 
2015/10/09 12:32:44 INFO  - jmeter.threads.JMeterThread: Thread started: スレッドグループ 1-92 
2015/10/09 12:32:45 INFO  - jmeter.threads.JMeterThread: Thread started: スレッドグループ 1-93 
2015/10/09 12:32:45 INFO  - jmeter.threads.JMeterThread: Thread started: スレッドグループ 1-94 
2015/10/09 12:32:45 INFO  - jmeter.threads.JMeterThread: Thread started: スレッドグループ 1-95 
2015/10/09 12:32:45 INFO  - jmeter.threads.JMeterThread: Thread started: スレッドグループ 1-96 
2015/10/09 12:32:45 INFO  - jmeter.threads.JMeterThread: Thread started: スレッドグループ 1-97 
2015/10/09 12:32:45 INFO  - jmeter.threads.JMeterThread: Thread started: スレッドグループ 1-98 
2015/10/09 12:32:46 INFO  - jmeter.threads.JMeterThread: Thread started: スレッドグループ 1-99 
2015/10/09 12:32:46 INFO  - jmeter.threads.JMeterThread: Thread started: スレッドグループ 1-100 
2015/10/09 12:32:46 INFO  - jmeter.threads.JMeterThread: Thread started: スレッドグループ 1-101 
2015/10/09 12:32:46 INFO  - jmeter.threads.JMeterThread: Thread started: スレッドグループ 1-102 
2015/10/09 12:32:46 INFO  - jmeter.threads.JMeterThread: Thread started: スレッドグループ 1-103 
2015/10/09 12:32:46 INFO  - jmeter.threads.JMeterThread: Thread started: スレッドグループ 1-104 
2015/10/09 12:32:47 INFO  - jmeter.threads.JMeterThread: Thread started: スレッドグループ 1-105 
2015/10/09 12:32:47 INFO  - jmeter.threads.JMeterThread: Thread started: スレッドグループ 1-106 
2015/10/09 12:32:47 INFO  - jmeter.threads.JMeterThread: Thread started: スレッドグループ 1-107 
2015/10/09 12:32:47 INFO  - jmeter.threads.JMeterThread: Thread started: スレッドグループ 1-108 
2015/10/09 12:32:47 INFO  - jmeter.threads.JMeterThread: Thread started: スレッドグループ 1-109 
2015/10/09 12:32:47 INFO  - jmeter.threads.JMeterThread: Thread started: スレッドグループ 1-110 
2015/10/09 12:32:48 INFO  - jmeter.threads.JMeterThread: Thread started: スレッドグループ 1-111 
2015/10/09 12:32:48 INFO  - jmeter.threads.JMeterThread: Thread started: スレッドグループ 1-112 
2015/10/09 12:32:48 INFO  - jmeter.threads.JMeterThread: Thread started: スレッドグループ 1-113 
2015/10/09 12:32:48 INFO  - jmeter.threads.JMeterThread: Thread started: スレッドグループ 1-114 
2015/10/09 12:32:48 INFO  - jmeter.threads.JMeterThread: Thread started: スレッドグループ 1-115 
2015/10/09 12:32:49 INFO  - jmeter.threads.JMeterThread: Thread started: スレッドグループ 1-116 
2015/10/09 12:32:49 INFO  - jmeter.threads.JMeterThread: Thread started: スレッドグループ 1-117 
2015/10/09 12:32:49 INFO  - jmeter.threads.JMeterThread: Thread started: スレッドグループ 1-118 
2015/10/09 12:32:49 INFO  - jmeter.threads.JMeterThread: Thread started: スレッドグループ 1-119 
2015/10/09 12:32:49 INFO  - jmeter.threads.JMeterThread: Thread started: スレッドグループ 1-120 
2015/10/09 12:32:49 INFO  - jmeter.threads.JMeterThread: Thread started: スレッドグループ 1-121 
2015/10/09 12:32:50 INFO  - jmeter.threads.JMeterThread: Thread started: スレッドグループ 1-122 
2015/10/09 12:32:50 INFO  - jmeter.threads.JMeterThread: Thread started: スレッドグループ 1-123 
2015/10/09 12:32:50 INFO  - jmeter.threads.JMeterThread: Thread started: スレッドグループ 1-124 
2015/10/09 12:32:50 INFO  - jmeter.threads.JMeterThread: Thread started: スレッドグループ 1-125 
2015/10/09 12:32:50 INFO  - jmeter.threads.JMeterThread: Thread started: スレッドグループ 1-126 
2015/10/09 12:32:50 INFO  - jmeter.threads.JMeterThread: Thread started: スレッドグループ 1-127 
2015/10/09 12:32:51 INFO  - jmeter.threads.JMeterThread: Thread started: スレッドグループ 1-128 
2015/10/09 12:32:51 INFO  - jmeter.threads.JMeterThread: Thread started: スレッドグループ 1-129 
2015/10/09 12:32:51 INFO  - jmeter.threads.JMeterThread: Thread started: スレッドグループ 1-130 
2015/10/09 12:32:51 INFO  - jmeter.threads.JMeterThread: Thread started: スレッドグループ 1-131 
2015/10/09 12:32:51 INFO  - jmeter.threads.JMeterThread: Thread started: スレッドグループ 1-132 
2015/10/09 12:32:51 INFO  - jmeter.threads.JMeterThread: Thread started: スレッドグループ 1-133 
2015/10/09 12:32:52 INFO  - jmeter.threads.JMeterThread: Thread started: スレッドグループ 1-134 
2015/10/09 12:32:52 INFO  - jmeter.threads.JMeterThread: Thread started: スレッドグループ 1-135 
2015/10/09 12:32:52 INFO  - jmeter.threads.JMeterThread: Thread started: スレッドグループ 1-136 
2015/10/09 12:32:52 INFO  - jmeter.threads.JMeterThread: Thread started: スレッドグループ 1-137 
2015/10/09 12:32:52 INFO  - jmeter.threads.JMeterThread: Thread started: スレッドグループ 1-138 
2015/10/09 12:32:52 INFO  - jmeter.threads.JMeterThread: Thread started: スレッドグループ 1-139 
2015/10/09 12:32:53 INFO  - jmeter.threads.JMeterThread: Thread started: スレッドグループ 1-140 
2015/10/09 12:32:53 INFO  - jmeter.threads.JMeterThread: Thread started: スレッドグループ 1-141 
2015/10/09 12:32:53 INFO  - jmeter.threads.JMeterThread: Thread started: スレッドグループ 1-142 
2015/10/09 12:32:53 INFO  - jmeter.threads.JMeterThread: Thread started: スレッドグループ 1-143 
2015/10/09 12:32:53 INFO  - jmeter.threads.JMeterThread: Thread started: スレッドグループ 1-144 
2015/10/09 12:32:53 INFO  - jmeter.threads.JMeterThread: Thread started: スレッドグループ 1-145 
2015/10/09 12:32:54 INFO  - jmeter.threads.JMeterThread: Thread started: スレッドグループ 1-146 
2015/10/09 12:32:54 INFO  - jmeter.threads.JMeterThread: Thread started: スレッドグループ 1-147 
2015/10/09 12:32:54 INFO  - jmeter.threads.JMeterThread: Thread started: スレッドグループ 1-148 
2015/10/09 12:32:54 INFO  - jmeter.threads.JMeterThread: Thread started: スレッドグループ 1-149 
2015/10/09 12:32:54 INFO  - jmeter.threads.JMeterThread: Thread started: スレッドグループ 1-150 
2015/10/09 12:32:54 INFO  - jmeter.threads.JMeterThread: Thread started: スレッドグループ 1-151 
2015/10/09 12:32:55 INFO  - jmeter.threads.JMeterThread: Thread started: スレッドグループ 1-152 
2015/10/09 12:32:55 INFO  - jmeter.threads.JMeterThread: Thread started: スレッドグループ 1-153 
2015/10/09 12:32:55 INFO  - jmeter.threads.JMeterThread: Thread started: スレッドグループ 1-154 
2015/10/09 12:32:55 INFO  - jmeter.threads.JMeterThread: Thread started: スレッドグループ 1-155 
2015/10/09 12:32:55 INFO  - jmeter.threads.JMeterThread: Thread started: スレッドグループ 1-156 
2015/10/09 12:32:55 INFO  - jmeter.threads.JMeterThread: Thread started: スレッドグループ 1-157 
2015/10/09 12:32:56 INFO  - jmeter.threads.JMeterThread: Thread started: スレッドグループ 1-158 
2015/10/09 12:32:56 INFO  - jmeter.threads.JMeterThread: Thread started: スレッドグループ 1-159 
2015/10/09 12:32:56 INFO  - jmeter.threads.JMeterThread: Thread started: スレッドグループ 1-160 
2015/10/09 12:32:56 INFO  - jmeter.threads.JMeterThread: Thread started: スレッドグループ 1-161 
2015/10/09 12:32:56 INFO  - jmeter.threads.JMeterThread: Thread started: スレッドグループ 1-162 
2015/10/09 12:32:56 INFO  - jmeter.threads.JMeterThread: Thread started: スレッドグループ 1-163 
2015/10/09 12:32:57 INFO  - jmeter.threads.JMeterThread: Thread started: スレッドグループ 1-164 
2015/10/09 12:32:57 INFO  - jmeter.threads.JMeterThread: Thread started: スレッドグループ 1-165 
2015/10/09 12:32:57 INFO  - jmeter.threads.JMeterThread: Thread started: スレッドグループ 1-166 
2015/10/09 12:32:57 INFO  - jmeter.threads.JMeterThread: Thread started: スレッドグループ 1-167 
2015/10/09 12:32:57 INFO  - jmeter.threads.JMeterThread: Thread started: スレッドグループ 1-168 
2015/10/09 12:32:57 INFO  - jmeter.threads.JMeterThread: Thread started: スレッドグループ 1-169 
2015/10/09 12:32:58 INFO  - jmeter.threads.JMeterThread: Thread started: スレッドグループ 1-170 
2015/10/09 12:32:58 INFO  - jmeter.threads.JMeterThread: Thread started: スレッドグループ 1-171 
2015/10/09 12:32:58 INFO  - jmeter.threads.JMeterThread: Thread started: スレッドグループ 1-172 
2015/10/09 12:32:58 INFO  - jmeter.threads.JMeterThread: Thread started: スレッドグループ 1-173 
2015/10/09 12:32:58 INFO  - jmeter.threads.JMeterThread: Thread started: スレッドグループ 1-174 
2015/10/09 12:32:58 INFO  - jmeter.threads.JMeterThread: Thread started: スレッドグループ 1-175 
2015/10/09 12:32:59 INFO  - jmeter.threads.JMeterThread: Thread started: スレッドグループ 1-176 
2015/10/09 12:32:59 INFO  - jmeter.threads.JMeterThread: Thread started: スレッドグループ 1-177 
2015/10/09 12:32:59 INFO  - jmeter.threads.JMeterThread: Thread started: スレッドグループ 1-178 
2015/10/09 12:32:59 INFO  - jmeter.threads.JMeterThread: Thread started: スレッドグループ 1-179 
2015/10/09 12:32:59 INFO  - jmeter.threads.JMeterThread: Thread started: スレッドグループ 1-180 
2015/10/09 12:32:59 INFO  - jmeter.threads.JMeterThread: Thread started: スレッドグループ 1-181 
2015/10/09 12:33:00 INFO  - jmeter.threads.JMeterThread: Thread started: スレッドグループ 1-182 
2015/10/09 12:33:00 INFO  - jmeter.threads.JMeterThread: Thread started: スレッドグループ 1-183 
2015/10/09 12:33:00 INFO  - jmeter.threads.JMeterThread: Thread started: スレッドグループ 1-184 
2015/10/09 12:33:00 INFO  - jmeter.threads.JMeterThread: Thread started: スレッドグループ 1-185 
2015/10/09 12:33:00 INFO  - jmeter.threads.JMeterThread: Thread started: スレッドグループ 1-186 
2015/10/09 12:33:00 INFO  - jmeter.threads.JMeterThread: Thread started: スレッドグループ 1-187 
2015/10/09 12:33:01 INFO  - jmeter.threads.JMeterThread: Thread started: スレッドグループ 1-188 
2015/10/09 12:33:01 INFO  - jmeter.threads.JMeterThread: Thread started: スレッドグループ 1-189 
2015/10/09 12:33:01 INFO  - jmeter.threads.JMeterThread: Thread started: スレッドグループ 1-190 
2015/10/09 12:33:01 INFO  - jmeter.threads.JMeterThread: Thread started: スレッドグループ 1-191 
2015/10/09 12:33:01 INFO  - jmeter.threads.JMeterThread: Thread started: スレッドグループ 1-192 
2015/10/09 12:33:01 INFO  - jmeter.threads.JMeterThread: Thread started: スレッドグループ 1-193 
2015/10/09 12:33:02 INFO  - jmeter.threads.JMeterThread: Thread started: スレッドグループ 1-194 
2015/10/09 12:33:02 INFO  - jmeter.threads.JMeterThread: Thread started: スレッドグループ 1-195 
2015/10/09 12:33:02 INFO  - jmeter.threads.JMeterThread: Thread started: スレッドグループ 1-196 
2015/10/09 12:33:02 INFO  - jmeter.threads.JMeterThread: Thread started: スレッドグループ 1-197 
2015/10/09 12:33:02 INFO  - jmeter.threads.JMeterThread: Thread started: スレッドグループ 1-198 
2015/10/09 12:33:02 INFO  - jmeter.threads.JMeterThread: Thread started: スレッドグループ 1-199 
2015/10/09 12:33:03 INFO  - jmeter.threads.JMeterThread: Thread started: スレッドグループ 1-200 
2015/10/09 12:33:03 INFO  - jmeter.threads.JMeterThread: Thread started: スレッドグループ 1-201 
2015/10/09 12:33:03 INFO  - jmeter.threads.JMeterThread: Thread started: スレッドグループ 1-202 
2015/10/09 12:33:03 INFO  - jmeter.threads.JMeterThread: Thread started: スレッドグループ 1-203 
2015/10/09 12:33:03 INFO  - jmeter.threads.JMeterThread: Thread started: スレッドグループ 1-204 
2015/10/09 12:33:03 INFO  - jmeter.threads.JMeterThread: Thread started: スレッドグループ 1-205 
2015/10/09 12:33:04 INFO  - jmeter.threads.JMeterThread: Thread started: スレッドグループ 1-206 
2015/10/09 12:33:04 INFO  - jmeter.threads.JMeterThread: Thread started: スレッドグループ 1-207 
2015/10/09 12:33:04 INFO  - jmeter.threads.JMeterThread: Thread started: スレッドグループ 1-208 
2015/10/09 12:33:04 INFO  - jmeter.threads.JMeterThread: Thread started: スレッドグループ 1-209 
2015/10/09 12:33:04 INFO  - jmeter.threads.JMeterThread: Thread started: スレッドグループ 1-210 
2015/10/09 12:33:04 INFO  - jmeter.threads.JMeterThread: Thread started: スレッドグループ 1-211 
2015/10/09 12:33:05 INFO  - jmeter.threads.JMeterThread: Thread started: スレッドグループ 1-212 
2015/10/09 12:33:05 INFO  - jmeter.threads.JMeterThread: Thread started: スレッドグループ 1-213 
2015/10/09 12:33:05 INFO  - jmeter.threads.JMeterThread: Thread started: スレッドグループ 1-214 
2015/10/09 12:33:05 INFO  - jmeter.threads.JMeterThread: Thread started: スレッドグループ 1-215 
2015/10/09 12:33:05 INFO  - jmeter.threads.JMeterThread: Thread started: スレッドグループ 1-216 
2015/10/09 12:33:05 INFO  - jmeter.threads.JMeterThread: Thread started: スレッドグループ 1-217 
2015/10/09 12:33:06 INFO  - jmeter.threads.JMeterThread: Thread started: スレッドグループ 1-218 
2015/10/09 12:33:06 INFO  - jmeter.threads.JMeterThread: Thread started: スレッドグループ 1-219 
2015/10/09 12:33:06 INFO  - jmeter.threads.JMeterThread: Thread started: スレッドグループ 1-220 
2015/10/09 12:33:06 INFO  - jmeter.threads.JMeterThread: Thread started: スレッドグループ 1-221 
2015/10/09 12:33:06 INFO  - jmeter.threads.JMeterThread: Thread started: スレッドグループ 1-222 
2015/10/09 12:33:06 INFO  - jmeter.threads.JMeterThread: Thread started: スレッドグループ 1-223 
2015/10/09 12:33:07 INFO  - jmeter.threads.JMeterThread: Thread started: スレッドグループ 1-224 
2015/10/09 12:33:07 INFO  - jmeter.threads.JMeterThread: Thread started: スレッドグループ 1-225 
2015/10/09 12:33:07 INFO  - jmeter.threads.JMeterThread: Thread started: スレッドグループ 1-226 
2015/10/09 12:33:07 INFO  - jmeter.threads.JMeterThread: Thread started: スレッドグループ 1-227 
2015/10/09 12:33:07 INFO  - jmeter.threads.JMeterThread: Thread started: スレッドグループ 1-228 
2015/10/09 12:33:07 INFO  - jmeter.threads.JMeterThread: Thread started: スレッドグループ 1-229 
2015/10/09 12:33:08 INFO  - jmeter.threads.JMeterThread: Thread started: スレッドグループ 1-230 
2015/10/09 12:33:08 INFO  - jmeter.threads.JMeterThread: Thread started: スレッドグループ 1-231 
2015/10/09 12:33:08 INFO  - jmeter.threads.JMeterThread: Thread started: スレッドグループ 1-232 
2015/10/09 12:33:08 INFO  - jmeter.threads.JMeterThread: Thread started: スレッドグループ 1-233 
2015/10/09 12:33:08 INFO  - jmeter.threads.JMeterThread: Thread started: スレッドグループ 1-234 
2015/10/09 12:33:08 INFO  - jmeter.threads.JMeterThread: Thread started: スレッドグループ 1-235 
2015/10/09 12:33:09 INFO  - jmeter.threads.JMeterThread: Thread started: スレッドグループ 1-236 
2015/10/09 12:33:09 INFO  - jmeter.threads.JMeterThread: Thread started: スレッドグループ 1-237 
2015/10/09 12:33:09 INFO  - jmeter.threads.JMeterThread: Thread started: スレッドグループ 1-238 
2015/10/09 12:33:09 INFO  - jmeter.threads.JMeterThread: Thread started: スレッドグループ 1-239 
2015/10/09 12:33:09 INFO  - jmeter.threads.JMeterThread: Thread started: スレッドグループ 1-240 
2015/10/09 12:33:09 INFO  - jmeter.threads.JMeterThread: Thread started: スレッドグループ 1-241 
2015/10/09 12:33:10 INFO  - jmeter.threads.JMeterThread: Thread started: スレッドグループ 1-242 
2015/10/09 12:33:10 INFO  - jmeter.threads.JMeterThread: Thread started: スレッドグループ 1-243 
2015/10/09 12:33:10 INFO  - jmeter.threads.JMeterThread: Thread started: スレッドグループ 1-244 
2015/10/09 12:33:10 INFO  - jmeter.threads.JMeterThread: Thread started: スレッドグループ 1-245 
2015/10/09 12:33:10 INFO  - jmeter.threads.JMeterThread: Thread started: スレッドグループ 1-246 
2015/10/09 12:33:10 INFO  - jmeter.threads.JMeterThread: Thread started: スレッドグループ 1-247 
2015/10/09 12:33:11 INFO  - jmeter.threads.JMeterThread: Thread started: スレッドグループ 1-248 
2015/10/09 12:33:11 INFO  - jmeter.threads.JMeterThread: Thread started: スレッドグループ 1-249 
2015/10/09 12:33:11 INFO  - jmeter.threads.JMeterThread: Thread started: スレッドグループ 1-250 
2015/10/09 12:33:11 INFO  - jmeter.threads.JMeterThread: Thread started: スレッドグループ 1-251 
2015/10/09 12:33:11 INFO  - jmeter.threads.JMeterThread: Thread started: スレッドグループ 1-252 
2015/10/09 12:33:11 INFO  - jmeter.threads.JMeterThread: Thread started: スレッドグループ 1-253 
2015/10/09 12:33:12 INFO  - jmeter.threads.JMeterThread: Thread started: スレッドグループ 1-254 
2015/10/09 12:33:12 INFO  - jmeter.threads.JMeterThread: Thread started: スレッドグループ 1-255 
2015/10/09 12:33:12 INFO  - jmeter.threads.JMeterThread: Thread started: スレッドグループ 1-256 
2015/10/09 12:33:12 INFO  - jmeter.threads.JMeterThread: Thread started: スレッドグループ 1-257 
2015/10/09 12:33:12 INFO  - jmeter.threads.JMeterThread: Thread started: スレッドグループ 1-258 
2015/10/09 12:33:12 INFO  - jmeter.threads.JMeterThread: Thread started: スレッドグループ 1-259 
2015/10/09 12:33:13 INFO  - jmeter.threads.JMeterThread: Thread started: スレッドグループ 1-260 
2015/10/09 12:33:13 INFO  - jmeter.threads.JMeterThread: Thread started: スレッドグループ 1-261 
2015/10/09 12:33:13 INFO  - jmeter.threads.JMeterThread: Thread started: スレッドグループ 1-262 
2015/10/09 12:33:13 INFO  - jmeter.threads.JMeterThread: Thread started: スレッドグループ 1-263 
2015/10/09 12:33:13 INFO  - jmeter.threads.JMeterThread: Thread started: スレッドグループ 1-264 
2015/10/09 12:33:13 INFO  - jmeter.threads.JMeterThread: Thread started: スレッドグループ 1-265 
2015/10/09 12:33:14 INFO  - jmeter.threads.JMeterThread: Thread started: スレッドグループ 1-266 
2015/10/09 12:33:14 INFO  - jmeter.threads.JMeterThread: Thread started: スレッドグループ 1-267 
2015/10/09 12:33:14 INFO  - jmeter.threads.JMeterThread: Thread started: スレッドグループ 1-268 
2015/10/09 12:33:14 INFO  - jmeter.threads.JMeterThread: Thread started: スレッドグループ 1-269 
2015/10/09 12:33:14 INFO  - jmeter.threads.JMeterThread: Thread started: スレッドグループ 1-270 
2015/10/09 12:33:14 INFO  - jmeter.threads.JMeterThread: Thread started: スレッドグループ 1-271 
2015/10/09 12:33:15 INFO  - jmeter.threads.JMeterThread: Thread started: スレッドグループ 1-272 
2015/10/09 12:33:15 INFO  - jmeter.threads.JMeterThread: Thread started: スレッドグループ 1-273 
2015/10/09 12:33:15 INFO  - jmeter.threads.JMeterThread: Thread started: スレッドグループ 1-274 
2015/10/09 12:33:15 INFO  - jmeter.threads.JMeterThread: Thread started: スレッドグループ 1-275 
2015/10/09 12:33:15 INFO  - jmeter.threads.JMeterThread: Thread started: スレッドグループ 1-276 
2015/10/09 12:33:15 INFO  - jmeter.threads.JMeterThread: Thread started: スレッドグループ 1-277 
2015/10/09 12:33:16 INFO  - jmeter.threads.JMeterThread: Thread started: スレッドグループ 1-278 
2015/10/09 12:33:16 INFO  - jmeter.threads.JMeterThread: Thread started: スレッドグループ 1-279 
2015/10/09 12:33:16 INFO  - jmeter.threads.JMeterThread: Thread started: スレッドグループ 1-280 
2015/10/09 12:33:16 INFO  - jmeter.threads.JMeterThread: Thread started: スレッドグループ 1-281 
2015/10/09 12:33:16 INFO  - jmeter.threads.JMeterThread: Thread started: スレッドグループ 1-282 
2015/10/09 12:33:16 INFO  - jmeter.threads.JMeterThread: Thread started: スレッドグループ 1-283 
2015/10/09 12:33:17 INFO  - jmeter.threads.JMeterThread: Thread started: スレッドグループ 1-284 
2015/10/09 12:33:17 INFO  - jmeter.threads.JMeterThread: Thread started: スレッドグループ 1-285 
2015/10/09 12:33:17 INFO  - jmeter.threads.JMeterThread: Thread started: スレッドグループ 1-286 
2015/10/09 12:33:17 INFO  - jmeter.threads.JMeterThread: Thread started: スレッドグループ 1-287 
2015/10/09 12:33:17 INFO  - jmeter.threads.JMeterThread: Thread started: スレッドグループ 1-288 
2015/10/09 12:33:17 INFO  - jmeter.threads.JMeterThread: Thread started: スレッドグループ 1-289 
2015/10/09 12:33:18 INFO  - jmeter.threads.JMeterThread: Thread started: スレッドグループ 1-290 
2015/10/09 12:33:18 INFO  - jmeter.threads.JMeterThread: Thread started: スレッドグループ 1-291 
2015/10/09 12:33:18 INFO  - jmeter.threads.JMeterThread: Thread started: スレッドグループ 1-292 
2015/10/09 12:33:18 INFO  - jmeter.threads.JMeterThread: Thread started: スレッドグループ 1-293 
2015/10/09 12:33:18 INFO  - jmeter.threads.JMeterThread: Thread started: スレッドグループ 1-294 
2015/10/09 12:33:18 INFO  - jmeter.threads.JMeterThread: Thread started: スレッドグループ 1-295 
2015/10/09 12:33:19 INFO  - jmeter.threads.JMeterThread: Thread started: スレッドグループ 1-296 
2015/10/09 12:33:19 INFO  - jmeter.threads.JMeterThread: Thread started: スレッドグループ 1-297 
2015/10/09 12:33:19 INFO  - jmeter.threads.JMeterThread: Thread started: スレッドグループ 1-298 
2015/10/09 12:33:19 INFO  - jmeter.threads.JMeterThread: Thread started: スレッドグループ 1-299 
2015/10/09 12:33:19 INFO  - jmeter.threads.JMeterThread: Thread started: スレッドグループ 1-300 
2015/10/09 12:36:13 INFO  - jmeter.threads.JMeterThread: Thread is done: スレッドグループ 1-2 
2015/10/09 12:36:13 INFO  - jmeter.threads.JMeterThread: Thread finished: スレッドグループ 1-2 
2015/10/09 12:36:13 INFO  - jmeter.threads.JMeterThread: Thread is done: スレッドグループ 1-3 
2015/10/09 12:36:13 INFO  - jmeter.threads.JMeterThread: Thread finished: スレッドグループ 1-3 
2015/10/09 12:36:14 INFO  - jmeter.threads.JMeterThread: Thread is done: スレッドグループ 1-5 
2015/10/09 12:36:14 INFO  - jmeter.threads.JMeterThread: Thread finished: スレッドグループ 1-5 
2015/10/09 12:36:14 INFO  - jmeter.threads.JMeterThread: Thread is done: スレッドグループ 1-6 
2015/10/09 12:36:14 INFO  - jmeter.threads.JMeterThread: Thread finished: スレッドグループ 1-6 
2015/10/09 12:36:14 INFO  - jmeter.threads.JMeterThread: Thread is done: スレッドグループ 1-1 
2015/10/09 12:36:14 INFO  - jmeter.threads.JMeterThread: Thread finished: スレッドグループ 1-1 
2015/10/09 12:36:14 INFO  - jmeter.threads.JMeterThread: Thread is done: スレッドグループ 1-4 
2015/10/09 12:36:14 INFO  - jmeter.threads.JMeterThread: Thread finished: スレッドグループ 1-4 
2015/10/09 12:36:14 INFO  - jmeter.threads.JMeterThread: Thread is done: スレッドグループ 1-7 
2015/10/09 12:36:14 INFO  - jmeter.threads.JMeterThread: Thread finished: スレッドグループ 1-7 
2015/10/09 12:36:14 INFO  - jmeter.threads.JMeterThread: Thread is done: スレッドグループ 1-8 
2015/10/09 12:36:14 INFO  - jmeter.threads.JMeterThread: Thread finished: スレッドグループ 1-8 
2015/10/09 12:36:15 INFO  - jmeter.threads.JMeterThread: Thread is done: スレッドグループ 1-9 
2015/10/09 12:36:15 INFO  - jmeter.threads.JMeterThread: Thread finished: スレッドグループ 1-9 
2015/10/09 12:36:15 INFO  - jmeter.threads.JMeterThread: Thread is done: スレッドグループ 1-11 
2015/10/09 12:36:15 INFO  - jmeter.threads.JMeterThread: Thread finished: スレッドグループ 1-11 
2015/10/09 12:36:15 INFO  - jmeter.threads.JMeterThread: Thread is done: スレッドグループ 1-14 
2015/10/09 12:36:15 INFO  - jmeter.threads.JMeterThread: Thread finished: スレッドグループ 1-14 
2015/10/09 12:36:15 INFO  - jmeter.threads.JMeterThread: Thread is done: スレッドグループ 1-12 
2015/10/09 12:36:15 INFO  - jmeter.threads.JMeterThread: Thread finished: スレッドグループ 1-12 
2015/10/09 12:36:16 INFO  - jmeter.threads.JMeterThread: Thread is done: スレッドグループ 1-10 
2015/10/09 12:36:16 INFO  - jmeter.threads.JMeterThread: Thread finished: スレッドグループ 1-10 
2015/10/09 12:36:16 INFO  - jmeter.threads.JMeterThread: Thread is done: スレッドグループ 1-13 
2015/10/09 12:36:16 INFO  - jmeter.threads.JMeterThread: Thread finished: スレッドグループ 1-13 
2015/10/09 12:36:16 INFO  - jmeter.threads.JMeterThread: Thread is done: スレッドグループ 1-16 
2015/10/09 12:36:16 INFO  - jmeter.threads.JMeterThread: Thread finished: スレッドグループ 1-16 
2015/10/09 12:36:16 INFO  - jmeter.threads.JMeterThread: Thread is done: スレッドグループ 1-17 
2015/10/09 12:36:16 INFO  - jmeter.threads.JMeterThread: Thread finished: スレッドグループ 1-17 
2015/10/09 12:36:16 INFO  - jmeter.threads.JMeterThread: Thread is done: スレッドグループ 1-15 
2015/10/09 12:36:16 INFO  - jmeter.threads.JMeterThread: Thread finished: スレッドグループ 1-15 
2015/10/09 12:36:16 INFO  - jmeter.threads.JMeterThread: Thread is done: スレッドグループ 1-19 
2015/10/09 12:36:16 INFO  - jmeter.threads.JMeterThread: Thread finished: スレッドグループ 1-19 
2015/10/09 12:36:17 INFO  - jmeter.threads.JMeterThread: Thread is done: スレッドグループ 1-21 
2015/10/09 12:36:17 INFO  - jmeter.threads.JMeterThread: Thread finished: スレッドグループ 1-21 
2015/10/09 12:36:17 INFO  - jmeter.threads.JMeterThread: Thread is done: スレッドグループ 1-18 
2015/10/09 12:36:17 INFO  - jmeter.threads.JMeterThread: Thread finished: スレッドグループ 1-18 
2015/10/09 12:36:17 INFO  - jmeter.threads.JMeterThread: Thread is done: スレッドグループ 1-25 
2015/10/09 12:36:17 INFO  - jmeter.threads.JMeterThread: Thread finished: スレッドグループ 1-25 
2015/10/09 12:36:17 INFO  - jmeter.threads.JMeterThread: Thread is done: スレッドグループ 1-26 
2015/10/09 12:36:17 INFO  - jmeter.threads.JMeterThread: Thread finished: スレッドグループ 1-26 
2015/10/09 12:36:17 INFO  - jmeter.threads.JMeterThread: Thread is done: スレッドグループ 1-22 
2015/10/09 12:36:17 INFO  - jmeter.threads.JMeterThread: Thread finished: スレッドグループ 1-22 
2015/10/09 12:36:18 INFO  - jmeter.threads.JMeterThread: Thread is done: スレッドグループ 1-20 
2015/10/09 12:36:18 INFO  - jmeter.threads.JMeterThread: Thread finished: スレッドグループ 1-20 
2015/10/09 12:36:18 INFO  - jmeter.threads.JMeterThread: Thread is done: スレッドグループ 1-27 
2015/10/09 12:36:18 INFO  - jmeter.threads.JMeterThread: Thread finished: スレッドグループ 1-27 
2015/10/09 12:36:18 INFO  - jmeter.threads.JMeterThread: Thread is done: スレッドグループ 1-24 
2015/10/09 12:36:18 INFO  - jmeter.threads.JMeterThread: Thread finished: スレッドグループ 1-24 
2015/10/09 12:36:18 INFO  - jmeter.threads.JMeterThread: Thread is done: スレッドグループ 1-28 
2015/10/09 12:36:18 INFO  - jmeter.threads.JMeterThread: Thread finished: スレッドグループ 1-28 
2015/10/09 12:36:18 INFO  - jmeter.threads.JMeterThread: Thread is done: スレッドグループ 1-23 
2015/10/09 12:36:18 INFO  - jmeter.threads.JMeterThread: Thread finished: スレッドグループ 1-23 
2015/10/09 12:36:18 INFO  - jmeter.threads.JMeterThread: Thread is done: スレッドグループ 1-30 
2015/10/09 12:36:18 INFO  - jmeter.threads.JMeterThread: Thread finished: スレッドグループ 1-30 
2015/10/09 12:36:18 INFO  - jmeter.threads.JMeterThread: Thread is done: スレッドグループ 1-29 
2015/10/09 12:36:18 INFO  - jmeter.threads.JMeterThread: Thread finished: スレッドグループ 1-29 
2015/10/09 12:36:18 INFO  - jmeter.threads.JMeterThread: Thread is done: スレッドグループ 1-32 
2015/10/09 12:36:18 INFO  - jmeter.threads.JMeterThread: Thread finished: スレッドグループ 1-32 
2015/10/09 12:36:19 INFO  - jmeter.threads.JMeterThread: Thread is done: スレッドグループ 1-33 
2015/10/09 12:36:19 INFO  - jmeter.threads.JMeterThread: Thread finished: スレッドグループ 1-33 
2015/10/09 12:36:19 INFO  - jmeter.threads.JMeterThread: Thread is done: スレッドグループ 1-35 
2015/10/09 12:36:19 INFO  - jmeter.threads.JMeterThread: Thread finished: スレッドグループ 1-35 
2015/10/09 12:36:19 INFO  - jmeter.threads.JMeterThread: Thread is done: スレッドグループ 1-34 
2015/10/09 12:36:19 INFO  - jmeter.threads.JMeterThread: Thread finished: スレッドグループ 1-34 
2015/10/09 12:36:19 INFO  - jmeter.threads.JMeterThread: Thread is done: スレッドグループ 1-31 
2015/10/09 12:36:19 INFO  - jmeter.threads.JMeterThread: Thread finished: スレッドグループ 1-31 
2015/10/09 12:36:20 INFO  - jmeter.threads.JMeterThread: Thread is done: スレッドグループ 1-37 
2015/10/09 12:36:20 INFO  - jmeter.threads.JMeterThread: Thread finished: スレッドグループ 1-37 
2015/10/09 12:36:20 INFO  - jmeter.threads.JMeterThread: Thread is done: スレッドグループ 1-38 
2015/10/09 12:36:20 INFO  - jmeter.threads.JMeterThread: Thread finished: スレッドグループ 1-38 
2015/10/09 12:36:20 INFO  - jmeter.threads.JMeterThread: Thread is done: スレッドグループ 1-42 
2015/10/09 12:36:20 INFO  - jmeter.threads.JMeterThread: Thread finished: スレッドグループ 1-42 
2015/10/09 12:36:21 INFO  - jmeter.threads.JMeterThread: Thread is done: スレッドグループ 1-45 
2015/10/09 12:36:21 INFO  - jmeter.threads.JMeterThread: Thread finished: スレッドグループ 1-45 
2015/10/09 12:36:21 INFO  - jmeter.threads.JMeterThread: Thread is done: スレッドグループ 1-41 
2015/10/09 12:36:21 INFO  - jmeter.threads.JMeterThread: Thread finished: スレッドグループ 1-41 
2015/10/09 12:36:21 INFO  - jmeter.threads.JMeterThread: Thread is done: スレッドグループ 1-36 
2015/10/09 12:36:21 INFO  - jmeter.threads.JMeterThread: Thread finished: スレッドグループ 1-36 
2015/10/09 12:36:21 INFO  - jmeter.threads.JMeterThread: Thread is done: スレッドグループ 1-40 
2015/10/09 12:36:21 INFO  - jmeter.threads.JMeterThread: Thread finished: スレッドグループ 1-40 
2015/10/09 12:36:21 INFO  - jmeter.threads.JMeterThread: Thread is done: スレッドグループ 1-39 
2015/10/09 12:36:21 INFO  - jmeter.threads.JMeterThread: Thread finished: スレッドグループ 1-39 
2015/10/09 12:36:21 INFO  - jmeter.threads.JMeterThread: Thread is done: スレッドグループ 1-49 
2015/10/09 12:36:21 INFO  - jmeter.threads.JMeterThread: Thread finished: スレッドグループ 1-49 
2015/10/09 12:36:21 INFO  - jmeter.threads.JMeterThread: Thread is done: スレッドグループ 1-48 
2015/10/09 12:36:21 INFO  - jmeter.threads.JMeterThread: Thread finished: スレッドグループ 1-48 
2015/10/09 12:36:21 INFO  - jmeter.threads.JMeterThread: Thread is done: スレッドグループ 1-46 
2015/10/09 12:36:21 INFO  - jmeter.threads.JMeterThread: Thread finished: スレッドグループ 1-46 
2015/10/09 12:36:21 INFO  - jmeter.threads.JMeterThread: Thread is done: スレッドグループ 1-47 
2015/10/09 12:36:21 INFO  - jmeter.threads.JMeterThread: Thread finished: スレッドグループ 1-47 
2015/10/09 12:36:21 INFO  - jmeter.threads.JMeterThread: Thread is done: スレッドグループ 1-43 
2015/10/09 12:36:21 INFO  - jmeter.threads.JMeterThread: Thread finished: スレッドグループ 1-43 
2015/10/09 12:36:22 INFO  - jmeter.threads.JMeterThread: Thread is done: スレッドグループ 1-44 
2015/10/09 12:36:22 INFO  - jmeter.threads.JMeterThread: Thread finished: スレッドグループ 1-44 
2015/10/09 12:36:22 INFO  - jmeter.threads.JMeterThread: Thread is done: スレッドグループ 1-53 
2015/10/09 12:36:22 INFO  - jmeter.threads.JMeterThread: Thread finished: スレッドグループ 1-53 
2015/10/09 12:36:22 INFO  - jmeter.threads.JMeterThread: Thread is done: スレッドグループ 1-52 
2015/10/09 12:36:22 INFO  - jmeter.threads.JMeterThread: Thread finished: スレッドグループ 1-52 
2015/10/09 12:36:22 INFO  - jmeter.threads.JMeterThread: Thread is done: スレッドグループ 1-54 
2015/10/09 12:36:22 INFO  - jmeter.threads.JMeterThread: Thread finished: スレッドグループ 1-54 
2015/10/09 12:36:23 INFO  - jmeter.threads.JMeterThread: Thread is done: スレッドグループ 1-51 
2015/10/09 12:36:23 INFO  - jmeter.threads.JMeterThread: Thread finished: スレッドグループ 1-51 
2015/10/09 12:36:23 INFO  - jmeter.threads.JMeterThread: Thread is done: スレッドグループ 1-50 
2015/10/09 12:36:23 INFO  - jmeter.threads.JMeterThread: Thread finished: スレッドグループ 1-50 
2015/10/09 12:36:23 INFO  - jmeter.threads.JMeterThread: Thread is done: スレッドグループ 1-56 
2015/10/09 12:36:23 INFO  - jmeter.threads.JMeterThread: Thread finished: スレッドグループ 1-56 
2015/10/09 12:36:23 INFO  - jmeter.threads.JMeterThread: Thread is done: スレッドグループ 1-55 
2015/10/09 12:36:23 INFO  - jmeter.threads.JMeterThread: Thread finished: スレッドグループ 1-55 
2015/10/09 12:36:24 INFO  - jmeter.threads.JMeterThread: Thread is done: スレッドグループ 1-58 
2015/10/09 12:36:24 INFO  - jmeter.threads.JMeterThread: Thread finished: スレッドグループ 1-58 
2015/10/09 12:36:24 INFO  - jmeter.threads.JMeterThread: Thread is done: スレッドグループ 1-61 
2015/10/09 12:36:24 INFO  - jmeter.threads.JMeterThread: Thread finished: スレッドグループ 1-61 
2015/10/09 12:36:24 INFO  - jmeter.threads.JMeterThread: Thread is done: スレッドグループ 1-62 
2015/10/09 12:36:24 INFO  - jmeter.threads.JMeterThread: Thread finished: スレッドグループ 1-62 
2015/10/09 12:36:24 INFO  - jmeter.threads.JMeterThread: Thread is done: スレッドグループ 1-57 
2015/10/09 12:36:24 INFO  - jmeter.threads.JMeterThread: Thread finished: スレッドグループ 1-57 
2015/10/09 12:36:24 INFO  - jmeter.threads.JMeterThread: Thread is done: スレッドグループ 1-59 
2015/10/09 12:36:24 INFO  - jmeter.threads.JMeterThread: Thread finished: スレッドグループ 1-59 
2015/10/09 12:36:24 INFO  - jmeter.threads.JMeterThread: Thread is done: スレッドグループ 1-65 
2015/10/09 12:36:24 INFO  - jmeter.threads.JMeterThread: Thread finished: スレッドグループ 1-65 
2015/10/09 12:36:24 INFO  - jmeter.threads.JMeterThread: Thread is done: スレッドグループ 1-69 
2015/10/09 12:36:24 INFO  - jmeter.threads.JMeterThread: Thread finished: スレッドグループ 1-69 
2015/10/09 12:36:24 INFO  - jmeter.threads.JMeterThread: Thread is done: スレッドグループ 1-60 
2015/10/09 12:36:24 INFO  - jmeter.threads.JMeterThread: Thread finished: スレッドグループ 1-60 
2015/10/09 12:36:24 INFO  - jmeter.threads.JMeterThread: Thread is done: スレッドグループ 1-63 
2015/10/09 12:36:24 INFO  - jmeter.threads.JMeterThread: Thread finished: スレッドグループ 1-63 
2015/10/09 12:36:25 INFO  - jmeter.threads.JMeterThread: Thread is done: スレッドグループ 1-64 
2015/10/09 12:36:25 INFO  - jmeter.threads.JMeterThread: Thread finished: スレッドグループ 1-64 
2015/10/09 12:36:25 INFO  - jmeter.threads.JMeterThread: Thread is done: スレッドグループ 1-67 
2015/10/09 12:36:25 INFO  - jmeter.threads.JMeterThread: Thread finished: スレッドグループ 1-67 
2015/10/09 12:36:25 INFO  - jmeter.threads.JMeterThread: Thread is done: スレッドグループ 1-68 
2015/10/09 12:36:25 INFO  - jmeter.threads.JMeterThread: Thread finished: スレッドグループ 1-68 
2015/10/09 12:36:25 INFO  - jmeter.threads.JMeterThread: Thread is done: スレッドグループ 1-70 
2015/10/09 12:36:25 INFO  - jmeter.threads.JMeterThread: Thread finished: スレッドグループ 1-70 
2015/10/09 12:36:25 INFO  - jmeter.threads.JMeterThread: Thread is done: スレッドグループ 1-66 
2015/10/09 12:36:25 INFO  - jmeter.threads.JMeterThread: Thread finished: スレッドグループ 1-66 
2015/10/09 12:36:26 INFO  - jmeter.threads.JMeterThread: Thread is done: スレッドグループ 1-72 
2015/10/09 12:36:26 INFO  - jmeter.threads.JMeterThread: Thread finished: スレッドグループ 1-72 
2015/10/09 12:36:26 INFO  - jmeter.threads.JMeterThread: Thread is done: スレッドグループ 1-76 
2015/10/09 12:36:26 INFO  - jmeter.threads.JMeterThread: Thread finished: スレッドグループ 1-76 
2015/10/09 12:36:26 INFO  - jmeter.threads.JMeterThread: Thread is done: スレッドグループ 1-71 
2015/10/09 12:36:26 INFO  - jmeter.threads.JMeterThread: Thread finished: スレッドグループ 1-71 
2015/10/09 12:36:26 INFO  - jmeter.threads.JMeterThread: Thread is done: スレッドグループ 1-74 
2015/10/09 12:36:26 INFO  - jmeter.threads.JMeterThread: Thread finished: スレッドグループ 1-74 
2015/10/09 12:36:27 INFO  - jmeter.threads.JMeterThread: Thread is done: スレッドグループ 1-73 
2015/10/09 12:36:27 INFO  - jmeter.threads.JMeterThread: Thread finished: スレッドグループ 1-73 
2015/10/09 12:36:27 INFO  - jmeter.threads.JMeterThread: Thread is done: スレッドグループ 1-77 
2015/10/09 12:36:27 INFO  - jmeter.threads.JMeterThread: Thread finished: スレッドグループ 1-77 
2015/10/09 12:36:27 INFO  - jmeter.threads.JMeterThread: Thread is done: スレッドグループ 1-75 
2015/10/09 12:36:27 INFO  - jmeter.threads.JMeterThread: Thread finished: スレッドグループ 1-75 
2015/10/09 12:36:27 INFO  - jmeter.threads.JMeterThread: Thread is done: スレッドグループ 1-79 
2015/10/09 12:36:27 INFO  - jmeter.threads.JMeterThread: Thread finished: スレッドグループ 1-79 
2015/10/09 12:36:27 INFO  - jmeter.threads.JMeterThread: Thread is done: スレッドグループ 1-78 
2015/10/09 12:36:27 INFO  - jmeter.threads.JMeterThread: Thread finished: スレッドグループ 1-78 
2015/10/09 12:36:28 INFO  - jmeter.threads.JMeterThread: Thread is done: スレッドグループ 1-83 
2015/10/09 12:36:28 INFO  - jmeter.threads.JMeterThread: Thread finished: スレッドグループ 1-83 
2015/10/09 12:36:28 INFO  - jmeter.threads.JMeterThread: Thread is done: スレッドグループ 1-81 
2015/10/09 12:36:28 INFO  - jmeter.threads.JMeterThread: Thread finished: スレッドグループ 1-81 
2015/10/09 12:36:28 INFO  - jmeter.threads.JMeterThread: Thread is done: スレッドグループ 1-80 
2015/10/09 12:36:28 INFO  - jmeter.threads.JMeterThread: Thread finished: スレッドグループ 1-80 
2015/10/09 12:36:28 INFO  - jmeter.threads.JMeterThread: Thread is done: スレッドグループ 1-86 
2015/10/09 12:36:28 INFO  - jmeter.threads.JMeterThread: Thread finished: スレッドグループ 1-86 
2015/10/09 12:36:28 INFO  - jmeter.threads.JMeterThread: Thread is done: スレッドグループ 1-84 
2015/10/09 12:36:28 INFO  - jmeter.threads.JMeterThread: Thread finished: スレッドグループ 1-84 
2015/10/09 12:36:29 INFO  - jmeter.threads.JMeterThread: Thread is done: スレッドグループ 1-90 
2015/10/09 12:36:29 INFO  - jmeter.threads.JMeterThread: Thread is done: スレッドグループ 1-91 
2015/10/09 12:36:29 INFO  - jmeter.threads.JMeterThread: Thread finished: スレッドグループ 1-90 
2015/10/09 12:36:29 INFO  - jmeter.threads.JMeterThread: Thread finished: スレッドグループ 1-91 
2015/10/09 12:36:29 INFO  - jmeter.threads.JMeterThread: Thread is done: スレッドグループ 1-92 
2015/10/09 12:36:29 INFO  - jmeter.threads.JMeterThread: Thread finished: スレッドグループ 1-92 
2015/10/09 12:36:29 INFO  - jmeter.threads.JMeterThread: Thread is done: スレッドグループ 1-82 
2015/10/09 12:36:29 INFO  - jmeter.threads.JMeterThread: Thread finished: スレッドグループ 1-82 
2015/10/09 12:36:29 INFO  - jmeter.threads.JMeterThread: Thread is done: スレッドグループ 1-93 
2015/10/09 12:36:29 INFO  - jmeter.threads.JMeterThread: Thread finished: スレッドグループ 1-93 
2015/10/09 12:36:29 INFO  - jmeter.threads.JMeterThread: Thread is done: スレッドグループ 1-87 
2015/10/09 12:36:29 INFO  - jmeter.threads.JMeterThread: Thread finished: スレッドグループ 1-87 
2015/10/09 12:36:29 INFO  - jmeter.threads.JMeterThread: Thread is done: スレッドグループ 1-85 
2015/10/09 12:36:29 INFO  - jmeter.threads.JMeterThread: Thread finished: スレッドグループ 1-85 
2015/10/09 12:36:29 INFO  - jmeter.threads.JMeterThread: Thread is done: スレッドグループ 1-95 
2015/10/09 12:36:29 INFO  - jmeter.threads.JMeterThread: Thread finished: スレッドグループ 1-95 
2015/10/09 12:36:29 INFO  - jmeter.threads.JMeterThread: Thread is done: スレッドグループ 1-89 
2015/10/09 12:36:29 INFO  - jmeter.threads.JMeterThread: Thread finished: スレッドグループ 1-89 
2015/10/09 12:36:29 INFO  - jmeter.threads.JMeterThread: Thread is done: スレッドグループ 1-94 
2015/10/09 12:36:29 INFO  - jmeter.threads.JMeterThread: Thread finished: スレッドグループ 1-94 
2015/10/09 12:36:30 INFO  - jmeter.threads.JMeterThread: Thread is done: スレッドグループ 1-88 
2015/10/09 12:36:30 INFO  - jmeter.threads.JMeterThread: Thread finished: スレッドグループ 1-88 
2015/10/09 12:36:30 INFO  - jmeter.threads.JMeterThread: Thread is done: スレッドグループ 1-98 
2015/10/09 12:36:30 INFO  - jmeter.threads.JMeterThread: Thread finished: スレッドグループ 1-98 
2015/10/09 12:36:31 INFO  - jmeter.threads.JMeterThread: Thread is done: スレッドグループ 1-96 
2015/10/09 12:36:31 INFO  - jmeter.threads.JMeterThread: Thread finished: スレッドグループ 1-96 
2015/10/09 12:36:31 INFO  - jmeter.threads.JMeterThread: Thread is done: スレッドグループ 1-102 
2015/10/09 12:36:31 INFO  - jmeter.threads.JMeterThread: Thread finished: スレッドグループ 1-102 
2015/10/09 12:36:31 INFO  - jmeter.threads.JMeterThread: Thread is done: スレッドグループ 1-97 
2015/10/09 12:36:31 INFO  - jmeter.threads.JMeterThread: Thread finished: スレッドグループ 1-97 
2015/10/09 12:36:31 INFO  - jmeter.threads.JMeterThread: Thread is done: スレッドグループ 1-103 
2015/10/09 12:36:31 INFO  - jmeter.threads.JMeterThread: Thread finished: スレッドグループ 1-103 
2015/10/09 12:36:31 INFO  - jmeter.threads.JMeterThread: Thread is done: スレッドグループ 1-101 
2015/10/09 12:36:31 INFO  - jmeter.threads.JMeterThread: Thread finished: スレッドグループ 1-101 
2015/10/09 12:36:31 INFO  - jmeter.threads.JMeterThread: Thread is done: スレッドグループ 1-104 
2015/10/09 12:36:31 INFO  - jmeter.threads.JMeterThread: Thread finished: スレッドグループ 1-104 
2015/10/09 12:36:31 INFO  - jmeter.threads.JMeterThread: Thread is done: スレッドグループ 1-100 
2015/10/09 12:36:31 INFO  - jmeter.threads.JMeterThread: Thread finished: スレッドグループ 1-100 
2015/10/09 12:36:32 INFO  - jmeter.threads.JMeterThread: Thread is done: スレッドグループ 1-106 
2015/10/09 12:36:32 INFO  - jmeter.threads.JMeterThread: Thread finished: スレッドグループ 1-106 
2015/10/09 12:36:32 INFO  - jmeter.threads.JMeterThread: Thread is done: スレッドグループ 1-108 
2015/10/09 12:36:32 INFO  - jmeter.threads.JMeterThread: Thread finished: スレッドグループ 1-108 
2015/10/09 12:36:32 INFO  - jmeter.threads.JMeterThread: Thread is done: スレッドグループ 1-99 
2015/10/09 12:36:32 INFO  - jmeter.threads.JMeterThread: Thread finished: スレッドグループ 1-99 
2015/10/09 12:36:32 INFO  - jmeter.threads.JMeterThread: Thread is done: スレッドグループ 1-107 
2015/10/09 12:36:32 INFO  - jmeter.threads.JMeterThread: Thread finished: スレッドグループ 1-107 
2015/10/09 12:36:32 INFO  - jmeter.threads.JMeterThread: Thread is done: スレッドグループ 1-109 
2015/10/09 12:36:32 INFO  - jmeter.threads.JMeterThread: Thread is done: スレッドグループ 1-110 
2015/10/09 12:36:32 INFO  - jmeter.threads.JMeterThread: Thread finished: スレッドグループ 1-109 
2015/10/09 12:36:32 INFO  - jmeter.threads.JMeterThread: Thread finished: スレッドグループ 1-110 
2015/10/09 12:36:32 INFO  - jmeter.threads.JMeterThread: Thread is done: スレッドグループ 1-105 
2015/10/09 12:36:32 INFO  - jmeter.threads.JMeterThread: Thread finished: スレッドグループ 1-105 
2015/10/09 12:36:33 INFO  - jmeter.threads.JMeterThread: Thread is done: スレッドグループ 1-115 
2015/10/09 12:36:33 INFO  - jmeter.threads.JMeterThread: Thread finished: スレッドグループ 1-115 
2015/10/09 12:36:33 INFO  - jmeter.threads.JMeterThread: Thread is done: スレッドグループ 1-111 
2015/10/09 12:36:33 INFO  - jmeter.threads.JMeterThread: Thread finished: スレッドグループ 1-111 
2015/10/09 12:36:33 INFO  - jmeter.threads.JMeterThread: Thread is done: スレッドグループ 1-114 
2015/10/09 12:36:33 INFO  - jmeter.threads.JMeterThread: Thread finished: スレッドグループ 1-114 
2015/10/09 12:36:33 INFO  - jmeter.threads.JMeterThread: Thread is done: スレッドグループ 1-113 
2015/10/09 12:36:33 INFO  - jmeter.threads.JMeterThread: Thread finished: スレッドグループ 1-113 
2015/10/09 12:36:34 INFO  - jmeter.threads.JMeterThread: Thread is done: スレッドグループ 1-116 
2015/10/09 12:36:34 INFO  - jmeter.threads.JMeterThread: Thread finished: スレッドグループ 1-116 
2015/10/09 12:36:34 INFO  - jmeter.threads.JMeterThread: Thread is done: スレッドグループ 1-117 
2015/10/09 12:36:34 INFO  - jmeter.threads.JMeterThread: Thread finished: スレッドグループ 1-117 
2015/10/09 12:36:34 INFO  - jmeter.threads.JMeterThread: Thread is done: スレッドグループ 1-112 
2015/10/09 12:36:34 INFO  - jmeter.threads.JMeterThread: Thread finished: スレッドグループ 1-112 
2015/10/09 12:36:34 INFO  - jmeter.threads.JMeterThread: Thread is done: スレッドグループ 1-121 
2015/10/09 12:36:34 INFO  - jmeter.threads.JMeterThread: Thread finished: スレッドグループ 1-121 
2015/10/09 12:36:34 INFO  - jmeter.threads.JMeterThread: Thread is done: スレッドグループ 1-120 
2015/10/09 12:36:34 INFO  - jmeter.threads.JMeterThread: Thread finished: スレッドグループ 1-120 
2015/10/09 12:36:34 INFO  - jmeter.threads.JMeterThread: Thread is done: スレッドグループ 1-119 
2015/10/09 12:36:34 INFO  - jmeter.threads.JMeterThread: Thread finished: スレッドグループ 1-119 
2015/10/09 12:36:35 INFO  - jmeter.threads.JMeterThread: Thread is done: スレッドグループ 1-125 
2015/10/09 12:36:35 INFO  - jmeter.threads.JMeterThread: Thread finished: スレッドグループ 1-125 
2015/10/09 12:36:35 INFO  - jmeter.threads.JMeterThread: Thread is done: スレッドグループ 1-118 
2015/10/09 12:36:35 INFO  - jmeter.threads.JMeterThread: Thread finished: スレッドグループ 1-118 
2015/10/09 12:36:35 INFO  - jmeter.threads.JMeterThread: Thread is done: スレッドグループ 1-123 
2015/10/09 12:36:35 INFO  - jmeter.threads.JMeterThread: Thread finished: スレッドグループ 1-123 
2015/10/09 12:36:35 INFO  - jmeter.threads.JMeterThread: Thread is done: スレッドグループ 1-122 
2015/10/09 12:36:35 INFO  - jmeter.threads.JMeterThread: Thread finished: スレッドグループ 1-122 
2015/10/09 12:36:35 INFO  - jmeter.threads.JMeterThread: Thread is done: スレッドグループ 1-129 
2015/10/09 12:36:35 INFO  - jmeter.threads.JMeterThread: Thread finished: スレッドグループ 1-129 
2015/10/09 12:36:35 INFO  - jmeter.threads.JMeterThread: Thread is done: スレッドグループ 1-124 
2015/10/09 12:36:35 INFO  - jmeter.threads.JMeterThread: Thread finished: スレッドグループ 1-124 
2015/10/09 12:36:36 INFO  - jmeter.threads.JMeterThread: Thread is done: スレッドグループ 1-127 
2015/10/09 12:36:36 INFO  - jmeter.threads.JMeterThread: Thread finished: スレッドグループ 1-127 
2015/10/09 12:36:36 INFO  - jmeter.threads.JMeterThread: Thread is done: スレッドグループ 1-131 
2015/10/09 12:36:36 INFO  - jmeter.threads.JMeterThread: Thread finished: スレッドグループ 1-131 
2015/10/09 12:36:36 INFO  - jmeter.threads.JMeterThread: Thread is done: スレッドグループ 1-134 
2015/10/09 12:36:36 INFO  - jmeter.threads.JMeterThread: Thread finished: スレッドグループ 1-134 
2015/10/09 12:36:36 INFO  - jmeter.threads.JMeterThread: Thread is done: スレッドグループ 1-130 
2015/10/09 12:36:36 INFO  - jmeter.threads.JMeterThread: Thread finished: スレッドグループ 1-130 
2015/10/09 12:36:36 INFO  - jmeter.threads.JMeterThread: Thread is done: スレッドグループ 1-128 
2015/10/09 12:36:36 INFO  - jmeter.threads.JMeterThread: Thread finished: スレッドグループ 1-128 
2015/10/09 12:36:36 INFO  - jmeter.threads.JMeterThread: Thread is done: スレッドグループ 1-126 
2015/10/09 12:36:36 INFO  - jmeter.threads.JMeterThread: Thread finished: スレッドグループ 1-126 
2015/10/09 12:36:36 INFO  - jmeter.threads.JMeterThread: Thread is done: スレッドグループ 1-132 
2015/10/09 12:36:36 INFO  - jmeter.threads.JMeterThread: Thread finished: スレッドグループ 1-132 
2015/10/09 12:36:37 INFO  - jmeter.threads.JMeterThread: Thread is done: スレッドグループ 1-138 
2015/10/09 12:36:37 INFO  - jmeter.threads.JMeterThread: Thread finished: スレッドグループ 1-138 
2015/10/09 12:36:37 INFO  - jmeter.threads.JMeterThread: Thread is done: スレッドグループ 1-135 
2015/10/09 12:36:37 INFO  - jmeter.threads.JMeterThread: Thread finished: スレッドグループ 1-135 
2015/10/09 12:36:37 INFO  - jmeter.threads.JMeterThread: Thread is done: スレッドグループ 1-136 
2015/10/09 12:36:37 INFO  - jmeter.threads.JMeterThread: Thread finished: スレッドグループ 1-136 
2015/10/09 12:36:37 INFO  - jmeter.threads.JMeterThread: Thread is done: スレッドグループ 1-137 
2015/10/09 12:36:37 INFO  - jmeter.threads.JMeterThread: Thread finished: スレッドグループ 1-137 
2015/10/09 12:36:38 INFO  - jmeter.threads.JMeterThread: Thread is done: スレッドグループ 1-133 
2015/10/09 12:36:38 INFO  - jmeter.threads.JMeterThread: Thread finished: スレッドグループ 1-133 
2015/10/09 12:36:38 INFO  - jmeter.threads.JMeterThread: Thread is done: スレッドグループ 1-140 
2015/10/09 12:36:38 INFO  - jmeter.threads.JMeterThread: Thread finished: スレッドグループ 1-140 
2015/10/09 12:36:38 INFO  - jmeter.threads.JMeterThread: Thread is done: スレッドグループ 1-142 
2015/10/09 12:36:38 INFO  - jmeter.threads.JMeterThread: Thread finished: スレッドグループ 1-142 
2015/10/09 12:36:38 INFO  - jmeter.threads.JMeterThread: Thread is done: スレッドグループ 1-139 
2015/10/09 12:36:38 INFO  - jmeter.threads.JMeterThread: Thread finished: スレッドグループ 1-139 
2015/10/09 12:36:38 INFO  - jmeter.threads.JMeterThread: Thread is done: スレッドグループ 1-141 
2015/10/09 12:36:38 INFO  - jmeter.threads.JMeterThread: Thread finished: スレッドグループ 1-141 
2015/10/09 12:36:38 INFO  - jmeter.threads.JMeterThread: Thread is done: スレッドグループ 1-146 
2015/10/09 12:36:38 INFO  - jmeter.threads.JMeterThread: Thread finished: スレッドグループ 1-146 
2015/10/09 12:36:39 INFO  - jmeter.threads.JMeterThread: Thread is done: スレッドグループ 1-143 
2015/10/09 12:36:39 INFO  - jmeter.threads.JMeterThread: Thread finished: スレッドグループ 1-143 
2015/10/09 12:36:39 INFO  - jmeter.threads.JMeterThread: Thread is done: スレッドグループ 1-144 
2015/10/09 12:36:39 INFO  - jmeter.threads.JMeterThread: Thread finished: スレッドグループ 1-144 
2015/10/09 12:36:39 INFO  - jmeter.threads.JMeterThread: Thread is done: スレッドグループ 1-147 
2015/10/09 12:36:39 INFO  - jmeter.threads.JMeterThread: Thread finished: スレッドグループ 1-147 
2015/10/09 12:36:39 INFO  - jmeter.threads.JMeterThread: Thread is done: スレッドグループ 1-148 
2015/10/09 12:36:39 INFO  - jmeter.threads.JMeterThread: Thread finished: スレッドグループ 1-148 
2015/10/09 12:36:39 INFO  - jmeter.threads.JMeterThread: Thread is done: スレッドグループ 1-150 
2015/10/09 12:36:39 INFO  - jmeter.threads.JMeterThread: Thread finished: スレッドグループ 1-150 
2015/10/09 12:36:39 INFO  - jmeter.threads.JMeterThread: Thread is done: スレッドグループ 1-149 
2015/10/09 12:36:39 INFO  - jmeter.threads.JMeterThread: Thread finished: スレッドグループ 1-149 
2015/10/09 12:36:39 INFO  - jmeter.threads.JMeterThread: Thread is done: スレッドグループ 1-151 
2015/10/09 12:36:39 INFO  - jmeter.threads.JMeterThread: Thread finished: スレッドグループ 1-151 
2015/10/09 12:36:39 INFO  - jmeter.threads.JMeterThread: Thread is done: スレッドグループ 1-153 
2015/10/09 12:36:39 INFO  - jmeter.threads.JMeterThread: Thread finished: スレッドグループ 1-153 
2015/10/09 12:36:39 INFO  - jmeter.threads.JMeterThread: Thread is done: スレッドグループ 1-145 
2015/10/09 12:36:39 INFO  - jmeter.threads.JMeterThread: Thread finished: スレッドグループ 1-145 
2015/10/09 12:36:39 INFO  - jmeter.threads.JMeterThread: Thread is done: スレッドグループ 1-158 
2015/10/09 12:36:39 INFO  - jmeter.threads.JMeterThread: Thread finished: スレッドグループ 1-158 
2015/10/09 12:36:40 INFO  - jmeter.threads.JMeterThread: Thread is done: スレッドグループ 1-154 
2015/10/09 12:36:40 INFO  - jmeter.threads.JMeterThread: Thread finished: スレッドグループ 1-154 
2015/10/09 12:36:40 INFO  - jmeter.threads.JMeterThread: Thread is done: スレッドグループ 1-155 
2015/10/09 12:36:40 INFO  - jmeter.threads.JMeterThread: Thread finished: スレッドグループ 1-155 
2015/10/09 12:36:40 INFO  - jmeter.threads.JMeterThread: Thread is done: スレッドグループ 1-152 
2015/10/09 12:36:40 INFO  - jmeter.threads.JMeterThread: Thread finished: スレッドグループ 1-152 
2015/10/09 12:36:40 INFO  - jmeter.threads.JMeterThread: Thread is done: スレッドグループ 1-160 
2015/10/09 12:36:40 INFO  - jmeter.threads.JMeterThread: Thread finished: スレッドグループ 1-160 
2015/10/09 12:36:40 INFO  - jmeter.threads.JMeterThread: Thread is done: スレッドグループ 1-156 
2015/10/09 12:36:40 INFO  - jmeter.threads.JMeterThread: Thread finished: スレッドグループ 1-156 
2015/10/09 12:36:40 INFO  - jmeter.threads.JMeterThread: Thread is done: スレッドグループ 1-157 
2015/10/09 12:36:40 INFO  - jmeter.threads.JMeterThread: Thread finished: スレッドグループ 1-157 
2015/10/09 12:36:41 INFO  - jmeter.threads.JMeterThread: Thread is done: スレッドグループ 1-161 
2015/10/09 12:36:41 INFO  - jmeter.threads.JMeterThread: Thread finished: スレッドグループ 1-161 
2015/10/09 12:36:41 INFO  - jmeter.threads.JMeterThread: Thread is done: スレッドグループ 1-159 
2015/10/09 12:36:41 INFO  - jmeter.threads.JMeterThread: Thread finished: スレッドグループ 1-159 
2015/10/09 12:36:41 INFO  - jmeter.threads.JMeterThread: Thread is done: スレッドグループ 1-165 
2015/10/09 12:36:41 INFO  - jmeter.threads.JMeterThread: Thread finished: スレッドグループ 1-165 
2015/10/09 12:36:41 INFO  - jmeter.threads.JMeterThread: Thread is done: スレッドグループ 1-163 
2015/10/09 12:36:41 INFO  - jmeter.threads.JMeterThread: Thread finished: スレッドグループ 1-163 
2015/10/09 12:36:42 INFO  - jmeter.threads.JMeterThread: Thread is done: スレッドグループ 1-162 
2015/10/09 12:36:42 INFO  - jmeter.threads.JMeterThread: Thread finished: スレッドグループ 1-162 
2015/10/09 12:36:42 INFO  - jmeter.threads.JMeterThread: Thread is done: スレッドグループ 1-168 
2015/10/09 12:36:42 INFO  - jmeter.threads.JMeterThread: Thread finished: スレッドグループ 1-168 
2015/10/09 12:36:42 INFO  - jmeter.threads.JMeterThread: Thread is done: スレッドグループ 1-164 
2015/10/09 12:36:42 INFO  - jmeter.threads.JMeterThread: Thread finished: スレッドグループ 1-164 
2015/10/09 12:36:42 INFO  - jmeter.threads.JMeterThread: Thread is done: スレッドグループ 1-167 
2015/10/09 12:36:42 INFO  - jmeter.threads.JMeterThread: Thread finished: スレッドグループ 1-167 
2015/10/09 12:36:42 INFO  - jmeter.threads.JMeterThread: Thread is done: スレッドグループ 1-171 
2015/10/09 12:36:42 INFO  - jmeter.threads.JMeterThread: Thread finished: スレッドグループ 1-171 
2015/10/09 12:36:42 INFO  - jmeter.threads.JMeterThread: Thread is done: スレッドグループ 1-166 
2015/10/09 12:36:42 INFO  - jmeter.threads.JMeterThread: Thread finished: スレッドグループ 1-166 
2015/10/09 12:36:42 INFO  - jmeter.threads.JMeterThread: Thread is done: スレッドグループ 1-169 
2015/10/09 12:36:42 INFO  - jmeter.threads.JMeterThread: Thread finished: スレッドグループ 1-169 
2015/10/09 12:36:43 INFO  - jmeter.threads.JMeterThread: Thread is done: スレッドグループ 1-173 
2015/10/09 12:36:43 INFO  - jmeter.threads.JMeterThread: Thread finished: スレッドグループ 1-173 
2015/10/09 12:36:43 INFO  - jmeter.threads.JMeterThread: Thread is done: スレッドグループ 1-174 
2015/10/09 12:36:43 INFO  - jmeter.threads.JMeterThread: Thread finished: スレッドグループ 1-174 
2015/10/09 12:36:43 INFO  - jmeter.threads.JMeterThread: Thread is done: スレッドグループ 1-170 
2015/10/09 12:36:43 INFO  - jmeter.threads.JMeterThread: Thread finished: スレッドグループ 1-170 
2015/10/09 12:36:43 INFO  - jmeter.threads.JMeterThread: Thread is done: スレッドグループ 1-172 
2015/10/09 12:36:43 INFO  - jmeter.threads.JMeterThread: Thread finished: スレッドグループ 1-172 
2015/10/09 12:36:43 INFO  - jmeter.threads.JMeterThread: Thread is done: スレッドグループ 1-175 
2015/10/09 12:36:43 INFO  - jmeter.threads.JMeterThread: Thread finished: スレッドグループ 1-175 
2015/10/09 12:36:44 INFO  - jmeter.threads.JMeterThread: Thread is done: スレッドグループ 1-178 
2015/10/09 12:36:44 INFO  - jmeter.threads.JMeterThread: Thread finished: スレッドグループ 1-178 
2015/10/09 12:36:44 INFO  - jmeter.threads.JMeterThread: Thread is done: スレッドグループ 1-177 
2015/10/09 12:36:44 INFO  - jmeter.threads.JMeterThread: Thread finished: スレッドグループ 1-177 
2015/10/09 12:36:44 INFO  - jmeter.threads.JMeterThread: Thread is done: スレッドグループ 1-183 
2015/10/09 12:36:44 INFO  - jmeter.threads.JMeterThread: Thread finished: スレッドグループ 1-183 
2015/10/09 12:36:44 INFO  - jmeter.threads.JMeterThread: Thread is done: スレッドグループ 1-176 
2015/10/09 12:36:44 INFO  - jmeter.threads.JMeterThread: Thread finished: スレッドグループ 1-176 
2015/10/09 12:36:44 INFO  - jmeter.threads.JMeterThread: Thread is done: スレッドグループ 1-179 
2015/10/09 12:36:44 INFO  - jmeter.threads.JMeterThread: Thread finished: スレッドグループ 1-179 
2015/10/09 12:36:44 INFO  - jmeter.threads.JMeterThread: Thread is done: スレッドグループ 1-180 
2015/10/09 12:36:44 INFO  - jmeter.threads.JMeterThread: Thread finished: スレッドグループ 1-180 
2015/10/09 12:36:44 INFO  - jmeter.threads.JMeterThread: Thread is done: スレッドグループ 1-181 
2015/10/09 12:36:44 INFO  - jmeter.threads.JMeterThread: Thread finished: スレッドグループ 1-181 
2015/10/09 12:36:45 INFO  - jmeter.threads.JMeterThread: Thread is done: スレッドグループ 1-187 
2015/10/09 12:36:45 INFO  - jmeter.threads.JMeterThread: Thread finished: スレッドグループ 1-187 
2015/10/09 12:36:45 INFO  - jmeter.threads.JMeterThread: Thread is done: スレッドグループ 1-184 
2015/10/09 12:36:45 INFO  - jmeter.threads.JMeterThread: Thread finished: スレッドグループ 1-184 
2015/10/09 12:36:45 INFO  - jmeter.threads.JMeterThread: Thread is done: スレッドグループ 1-182 
2015/10/09 12:36:45 INFO  - jmeter.threads.JMeterThread: Thread finished: スレッドグループ 1-182 
2015/10/09 12:36:45 INFO  - jmeter.threads.JMeterThread: Thread is done: スレッドグループ 1-185 
2015/10/09 12:36:45 INFO  - jmeter.threads.JMeterThread: Thread finished: スレッドグループ 1-185 
2015/10/09 12:36:45 INFO  - jmeter.threads.JMeterThread: Thread is done: スレッドグループ 1-188 
2015/10/09 12:36:45 INFO  - jmeter.threads.JMeterThread: Thread finished: スレッドグループ 1-188 
2015/10/09 12:36:45 INFO  - jmeter.threads.JMeterThread: Thread is done: スレッドグループ 1-190 
2015/10/09 12:36:45 INFO  - jmeter.threads.JMeterThread: Thread finished: スレッドグループ 1-190 
2015/10/09 12:36:45 INFO  - jmeter.threads.JMeterThread: Thread is done: スレッドグループ 1-186 
2015/10/09 12:36:45 INFO  - jmeter.threads.JMeterThread: Thread finished: スレッドグループ 1-186 
2015/10/09 12:36:45 INFO  - jmeter.threads.JMeterThread: Thread is done: スレッドグループ 1-191 
2015/10/09 12:36:45 INFO  - jmeter.threads.JMeterThread: Thread finished: スレッドグループ 1-191 
2015/10/09 12:36:45 INFO  - jmeter.threads.JMeterThread: Thread is done: スレッドグループ 1-189 
2015/10/09 12:36:45 INFO  - jmeter.threads.JMeterThread: Thread finished: スレッドグループ 1-189 
2015/10/09 12:36:46 INFO  - jmeter.threads.JMeterThread: Thread is done: スレッドグループ 1-196 
2015/10/09 12:36:46 INFO  - jmeter.threads.JMeterThread: Thread finished: スレッドグループ 1-196 
2015/10/09 12:36:46 INFO  - jmeter.threads.JMeterThread: Thread is done: スレッドグループ 1-193 
2015/10/09 12:36:46 INFO  - jmeter.threads.JMeterThread: Thread finished: スレッドグループ 1-193 
2015/10/09 12:36:46 INFO  - jmeter.threads.JMeterThread: Thread is done: スレッドグループ 1-192 
2015/10/09 12:36:46 INFO  - jmeter.threads.JMeterThread: Thread finished: スレッドグループ 1-192 
2015/10/09 12:36:47 INFO  - jmeter.threads.JMeterThread: Thread is done: スレッドグループ 1-194 
2015/10/09 12:36:47 INFO  - jmeter.threads.JMeterThread: Thread finished: スレッドグループ 1-194 
2015/10/09 12:36:47 INFO  - jmeter.threads.JMeterThread: Thread is done: スレッドグループ 1-199 
2015/10/09 12:36:47 INFO  - jmeter.threads.JMeterThread: Thread finished: スレッドグループ 1-199 
2015/10/09 12:36:47 INFO  - jmeter.threads.JMeterThread: Thread is done: スレッドグループ 1-195 
2015/10/09 12:36:47 INFO  - jmeter.threads.JMeterThread: Thread finished: スレッドグループ 1-195 
2015/10/09 12:36:47 INFO  - jmeter.threads.JMeterThread: Thread is done: スレッドグループ 1-197 
2015/10/09 12:36:47 INFO  - jmeter.threads.JMeterThread: Thread finished: スレッドグループ 1-197 
2015/10/09 12:36:47 INFO  - jmeter.threads.JMeterThread: Thread is done: スレッドグループ 1-200 
2015/10/09 12:36:47 INFO  - jmeter.threads.JMeterThread: Thread finished: スレッドグループ 1-200 
2015/10/09 12:36:48 INFO  - jmeter.threads.JMeterThread: Thread is done: スレッドグループ 1-198 
2015/10/09 12:36:48 INFO  - jmeter.threads.JMeterThread: Thread finished: スレッドグループ 1-198 
2015/10/09 12:36:48 INFO  - jmeter.threads.JMeterThread: Thread is done: スレッドグループ 1-201 
2015/10/09 12:36:48 INFO  - jmeter.threads.JMeterThread: Thread finished: スレッドグループ 1-201 
2015/10/09 12:36:48 INFO  - jmeter.threads.JMeterThread: Thread is done: スレッドグループ 1-205 
2015/10/09 12:36:48 INFO  - jmeter.threads.JMeterThread: Thread finished: スレッドグループ 1-205 
2015/10/09 12:36:48 INFO  - jmeter.threads.JMeterThread: Thread is done: スレッドグループ 1-202 
2015/10/09 12:36:48 INFO  - jmeter.threads.JMeterThread: Thread finished: スレッドグループ 1-202 
2015/10/09 12:36:48 INFO  - jmeter.threads.JMeterThread: Thread is done: スレッドグループ 1-204 
2015/10/09 12:36:48 INFO  - jmeter.threads.JMeterThread: Thread finished: スレッドグループ 1-204 
2015/10/09 12:36:48 INFO  - jmeter.threads.JMeterThread: Thread is done: スレッドグループ 1-206 
2015/10/09 12:36:48 INFO  - jmeter.threads.JMeterThread: Thread finished: スレッドグループ 1-206 
2015/10/09 12:36:48 INFO  - jmeter.threads.JMeterThread: Thread is done: スレッドグループ 1-203 
2015/10/09 12:36:48 INFO  - jmeter.threads.JMeterThread: Thread finished: スレッドグループ 1-203 
2015/10/09 12:36:49 INFO  - jmeter.threads.JMeterThread: Thread is done: スレッドグループ 1-207 
2015/10/09 12:36:49 INFO  - jmeter.threads.JMeterThread: Thread finished: スレッドグループ 1-207 
2015/10/09 12:36:49 INFO  - jmeter.threads.JMeterThread: Thread is done: スレッドグループ 1-214 
2015/10/09 12:36:49 INFO  - jmeter.threads.JMeterThread: Thread finished: スレッドグループ 1-214 
2015/10/09 12:36:49 INFO  - jmeter.threads.JMeterThread: Thread is done: スレッドグループ 1-210 
2015/10/09 12:36:49 INFO  - jmeter.threads.JMeterThread: Thread finished: スレッドグループ 1-210 
2015/10/09 12:36:49 INFO  - jmeter.threads.JMeterThread: Thread is done: スレッドグループ 1-209 
2015/10/09 12:36:49 INFO  - jmeter.threads.JMeterThread: Thread finished: スレッドグループ 1-209 
2015/10/09 12:36:50 INFO  - jmeter.threads.JMeterThread: Thread is done: スレッドグループ 1-208 
2015/10/09 12:36:50 INFO  - jmeter.threads.JMeterThread: Thread finished: スレッドグループ 1-208 
2015/10/09 12:36:50 INFO  - jmeter.threads.JMeterThread: Thread is done: スレッドグループ 1-218 
2015/10/09 12:36:50 INFO  - jmeter.threads.JMeterThread: Thread finished: スレッドグループ 1-218 
2015/10/09 12:36:50 INFO  - jmeter.threads.JMeterThread: Thread is done: スレッドグループ 1-213 
2015/10/09 12:36:50 INFO  - jmeter.threads.JMeterThread: Thread finished: スレッドグループ 1-213 
2015/10/09 12:36:50 INFO  - jmeter.threads.JMeterThread: Thread is done: スレッドグループ 1-212 
2015/10/09 12:36:50 INFO  - jmeter.threads.JMeterThread: Thread finished: スレッドグループ 1-212 
2015/10/09 12:36:50 INFO  - jmeter.threads.JMeterThread: Thread is done: スレッドグループ 1-216 
2015/10/09 12:36:50 INFO  - jmeter.threads.JMeterThread: Thread finished: スレッドグループ 1-216 
2015/10/09 12:36:50 INFO  - jmeter.threads.JMeterThread: Thread is done: スレッドグループ 1-215 
2015/10/09 12:36:50 INFO  - jmeter.threads.JMeterThread: Thread finished: スレッドグループ 1-215 
2015/10/09 12:36:50 INFO  - jmeter.threads.JMeterThread: Thread is done: スレッドグループ 1-211 
2015/10/09 12:36:50 INFO  - jmeter.threads.JMeterThread: Thread finished: スレッドグループ 1-211 
2015/10/09 12:36:50 INFO  - jmeter.threads.JMeterThread: Thread is done: スレッドグループ 1-219 
2015/10/09 12:36:50 INFO  - jmeter.threads.JMeterThread: Thread finished: スレッドグループ 1-219 
2015/10/09 12:36:51 INFO  - jmeter.threads.JMeterThread: Thread is done: スレッドグループ 1-217 
2015/10/09 12:36:51 INFO  - jmeter.threads.JMeterThread: Thread finished: スレッドグループ 1-217 
2015/10/09 12:36:51 INFO  - jmeter.threads.JMeterThread: Thread is done: スレッドグループ 1-220 
2015/10/09 12:36:51 INFO  - jmeter.threads.JMeterThread: Thread finished: スレッドグループ 1-220 
2015/10/09 12:36:51 INFO  - jmeter.threads.JMeterThread: Thread is done: スレッドグループ 1-221 
2015/10/09 12:36:51 INFO  - jmeter.threads.JMeterThread: Thread finished: スレッドグループ 1-221 
2015/10/09 12:36:52 INFO  - jmeter.threads.JMeterThread: Thread is done: スレッドグループ 1-222 
2015/10/09 12:36:52 INFO  - jmeter.threads.JMeterThread: Thread finished: スレッドグループ 1-222 
2015/10/09 12:36:52 INFO  - jmeter.threads.JMeterThread: Thread is done: スレッドグループ 1-229 
2015/10/09 12:36:52 INFO  - jmeter.threads.JMeterThread: Thread finished: スレッドグループ 1-229 
2015/10/09 12:36:52 INFO  - jmeter.threads.JMeterThread: Thread is done: スレッドグループ 1-224 
2015/10/09 12:36:52 INFO  - jmeter.threads.JMeterThread: Thread finished: スレッドグループ 1-224 
2015/10/09 12:36:52 INFO  - jmeter.threads.JMeterThread: Thread is done: スレッドグループ 1-223 
2015/10/09 12:36:52 INFO  - jmeter.threads.JMeterThread: Thread finished: スレッドグループ 1-223 
2015/10/09 12:36:52 INFO  - jmeter.threads.JMeterThread: Thread is done: スレッドグループ 1-233 
2015/10/09 12:36:52 INFO  - jmeter.threads.JMeterThread: Thread finished: スレッドグループ 1-233 
2015/10/09 12:36:52 INFO  - jmeter.threads.JMeterThread: Thread is done: スレッドグループ 1-228 
2015/10/09 12:36:52 INFO  - jmeter.threads.JMeterThread: Thread finished: スレッドグループ 1-228 
2015/10/09 12:36:52 INFO  - jmeter.threads.JMeterThread: Thread is done: スレッドグループ 1-226 
2015/10/09 12:36:52 INFO  - jmeter.threads.JMeterThread: Thread finished: スレッドグループ 1-226 
2015/10/09 12:36:52 INFO  - jmeter.threads.JMeterThread: Thread is done: スレッドグループ 1-232 
2015/10/09 12:36:52 INFO  - jmeter.threads.JMeterThread: Thread finished: スレッドグループ 1-232 
2015/10/09 12:36:53 INFO  - jmeter.threads.JMeterThread: Thread is done: スレッドグループ 1-225 
2015/10/09 12:36:53 INFO  - jmeter.threads.JMeterThread: Thread finished: スレッドグループ 1-225 
2015/10/09 12:36:53 INFO  - jmeter.threads.JMeterThread: Thread is done: スレッドグループ 1-231 
2015/10/09 12:36:53 INFO  - jmeter.threads.JMeterThread: Thread finished: スレッドグループ 1-231 
2015/10/09 12:36:53 INFO  - jmeter.threads.JMeterThread: Thread is done: スレッドグループ 1-234 
2015/10/09 12:36:53 INFO  - jmeter.threads.JMeterThread: Thread finished: スレッドグループ 1-234 
2015/10/09 12:36:53 INFO  - jmeter.threads.JMeterThread: Thread is done: スレッドグループ 1-227 
2015/10/09 12:36:53 INFO  - jmeter.threads.JMeterThread: Thread finished: スレッドグループ 1-227 
2015/10/09 12:36:53 INFO  - jmeter.threads.JMeterThread: Thread is done: スレッドグループ 1-230 
2015/10/09 12:36:53 INFO  - jmeter.threads.JMeterThread: Thread finished: スレッドグループ 1-230 
2015/10/09 12:36:53 INFO  - jmeter.threads.JMeterThread: Thread is done: スレッドグループ 1-235 
2015/10/09 12:36:53 INFO  - jmeter.threads.JMeterThread: Thread finished: スレッドグループ 1-235 
2015/10/09 12:36:53 INFO  - jmeter.threads.JMeterThread: Thread is done: スレッドグループ 1-239 
2015/10/09 12:36:53 INFO  - jmeter.threads.JMeterThread: Thread finished: スレッドグループ 1-239 
2015/10/09 12:36:54 INFO  - jmeter.threads.JMeterThread: Thread is done: スレッドグループ 1-238 
2015/10/09 12:36:54 INFO  - jmeter.threads.JMeterThread: Thread finished: スレッドグループ 1-238 
2015/10/09 12:36:54 INFO  - jmeter.threads.JMeterThread: Thread is done: スレッドグループ 1-236 
2015/10/09 12:36:54 INFO  - jmeter.threads.JMeterThread: Thread finished: スレッドグループ 1-236 
2015/10/09 12:36:54 INFO  - jmeter.threads.JMeterThread: Thread is done: スレッドグループ 1-241 
2015/10/09 12:36:54 INFO  - jmeter.threads.JMeterThread: Thread finished: スレッドグループ 1-241 
2015/10/09 12:36:54 INFO  - jmeter.threads.JMeterThread: Thread is done: スレッドグループ 1-237 
2015/10/09 12:36:54 INFO  - jmeter.threads.JMeterThread: Thread finished: スレッドグループ 1-237 
2015/10/09 12:36:54 INFO  - jmeter.threads.JMeterThread: Thread is done: スレッドグループ 1-240 
2015/10/09 12:36:54 INFO  - jmeter.threads.JMeterThread: Thread finished: スレッドグループ 1-240 
2015/10/09 12:36:54 INFO  - jmeter.threads.JMeterThread: Thread is done: スレッドグループ 1-244 
2015/10/09 12:36:54 INFO  - jmeter.threads.JMeterThread: Thread finished: スレッドグループ 1-244 
2015/10/09 12:36:54 INFO  - jmeter.threads.JMeterThread: Thread is done: スレッドグループ 1-242 
2015/10/09 12:36:54 INFO  - jmeter.threads.JMeterThread: Thread finished: スレッドグループ 1-242 
2015/10/09 12:36:55 INFO  - jmeter.threads.JMeterThread: Thread is done: スレッドグループ 1-246 
2015/10/09 12:36:55 INFO  - jmeter.threads.JMeterThread: Thread finished: スレッドグループ 1-246 
2015/10/09 12:36:55 INFO  - jmeter.threads.JMeterThread: Thread is done: スレッドグループ 1-243 
2015/10/09 12:36:55 INFO  - jmeter.threads.JMeterThread: Thread finished: スレッドグループ 1-243 
2015/10/09 12:36:55 INFO  - jmeter.threads.JMeterThread: Thread is done: スレッドグループ 1-248 
2015/10/09 12:36:55 INFO  - jmeter.threads.JMeterThread: Thread finished: スレッドグループ 1-248 
2015/10/09 12:36:55 INFO  - jmeter.threads.JMeterThread: Thread is done: スレッドグループ 1-247 
2015/10/09 12:36:55 INFO  - jmeter.threads.JMeterThread: Thread finished: スレッドグループ 1-247 
2015/10/09 12:36:55 INFO  - jmeter.threads.JMeterThread: Thread is done: スレッドグループ 1-250 
2015/10/09 12:36:55 INFO  - jmeter.threads.JMeterThread: Thread finished: スレッドグループ 1-250 
2015/10/09 12:36:55 INFO  - jmeter.threads.JMeterThread: Thread is done: スレッドグループ 1-249 
2015/10/09 12:36:55 INFO  - jmeter.threads.JMeterThread: Thread finished: スレッドグループ 1-249 
2015/10/09 12:36:56 INFO  - jmeter.threads.JMeterThread: Thread is done: スレッドグループ 1-245 
2015/10/09 12:36:56 INFO  - jmeter.threads.JMeterThread: Thread finished: スレッドグループ 1-245 
2015/10/09 12:36:56 INFO  - jmeter.threads.JMeterThread: Thread is done: スレッドグループ 1-253 
2015/10/09 12:36:56 INFO  - jmeter.threads.JMeterThread: Thread finished: スレッドグループ 1-253 
2015/10/09 12:36:56 INFO  - jmeter.threads.JMeterThread: Thread is done: スレッドグループ 1-254 
2015/10/09 12:36:56 INFO  - jmeter.threads.JMeterThread: Thread finished: スレッドグループ 1-254 
2015/10/09 12:36:56 INFO  - jmeter.threads.JMeterThread: Thread is done: スレッドグループ 1-252 
2015/10/09 12:36:56 INFO  - jmeter.threads.JMeterThread: Thread finished: スレッドグループ 1-252 
2015/10/09 12:36:57 INFO  - jmeter.threads.JMeterThread: Thread is done: スレッドグループ 1-261 
2015/10/09 12:36:57 INFO  - jmeter.threads.JMeterThread: Thread finished: スレッドグループ 1-261 
2015/10/09 12:36:57 INFO  - jmeter.threads.JMeterThread: Thread is done: スレッドグループ 1-259 
2015/10/09 12:36:57 INFO  - jmeter.threads.JMeterThread: Thread finished: スレッドグループ 1-259 
2015/10/09 12:36:57 INFO  - jmeter.threads.JMeterThread: Thread is done: スレッドグループ 1-255 
2015/10/09 12:36:57 INFO  - jmeter.threads.JMeterThread: Thread finished: スレッドグループ 1-255 
2015/10/09 12:36:57 INFO  - jmeter.threads.JMeterThread: Thread is done: スレッドグループ 1-256 
2015/10/09 12:36:57 INFO  - jmeter.threads.JMeterThread: Thread finished: スレッドグループ 1-256 
2015/10/09 12:36:57 INFO  - jmeter.threads.JMeterThread: Thread is done: スレッドグループ 1-257 
2015/10/09 12:36:57 INFO  - jmeter.threads.JMeterThread: Thread finished: スレッドグループ 1-257 
2015/10/09 12:36:57 INFO  - jmeter.threads.JMeterThread: Thread is done: スレッドグループ 1-251 
2015/10/09 12:36:57 INFO  - jmeter.threads.JMeterThread: Thread finished: スレッドグループ 1-251 
2015/10/09 12:36:57 INFO  - jmeter.threads.JMeterThread: Thread is done: スレッドグループ 1-258 
2015/10/09 12:36:57 INFO  - jmeter.threads.JMeterThread: Thread finished: スレッドグループ 1-258 
2015/10/09 12:36:58 INFO  - jmeter.threads.JMeterThread: Thread is done: スレッドグループ 1-265 
2015/10/09 12:36:58 INFO  - jmeter.threads.JMeterThread: Thread finished: スレッドグループ 1-265 
2015/10/09 12:36:58 INFO  - jmeter.threads.JMeterThread: Thread is done: スレッドグループ 1-260 
2015/10/09 12:36:58 INFO  - jmeter.threads.JMeterThread: Thread finished: スレッドグループ 1-260 
2015/10/09 12:36:58 INFO  - jmeter.threads.JMeterThread: Thread is done: スレッドグループ 1-263 
2015/10/09 12:36:58 INFO  - jmeter.threads.JMeterThread: Thread finished: スレッドグループ 1-263 
2015/10/09 12:36:58 INFO  - jmeter.threads.JMeterThread: Thread is done: スレッドグループ 1-266 
2015/10/09 12:36:58 INFO  - jmeter.threads.JMeterThread: Thread finished: スレッドグループ 1-266 
2015/10/09 12:36:58 INFO  - jmeter.threads.JMeterThread: Thread is done: スレッドグループ 1-264 
2015/10/09 12:36:58 INFO  - jmeter.threads.JMeterThread: Thread finished: スレッドグループ 1-264 
2015/10/09 12:36:58 INFO  - jmeter.threads.JMeterThread: Thread is done: スレッドグループ 1-262 
2015/10/09 12:36:58 INFO  - jmeter.threads.JMeterThread: Thread finished: スレッドグループ 1-262 
2015/10/09 12:36:59 INFO  - jmeter.threads.JMeterThread: Thread is done: スレッドグループ 1-268 
2015/10/09 12:36:59 INFO  - jmeter.threads.JMeterThread: Thread finished: スレッドグループ 1-268 
2015/10/09 12:36:59 INFO  - jmeter.threads.JMeterThread: Thread is done: スレッドグループ 1-269 
2015/10/09 12:36:59 INFO  - jmeter.threads.JMeterThread: Thread finished: スレッドグループ 1-269 
2015/10/09 12:36:59 INFO  - jmeter.threads.JMeterThread: Thread is done: スレッドグループ 1-267 
2015/10/09 12:36:59 INFO  - jmeter.threads.JMeterThread: Thread finished: スレッドグループ 1-267 
2015/10/09 12:36:59 INFO  - jmeter.threads.JMeterThread: Thread is done: スレッドグループ 1-270 
2015/10/09 12:36:59 INFO  - jmeter.threads.JMeterThread: Thread finished: スレッドグループ 1-270 
2015/10/09 12:37:00 INFO  - jmeter.threads.JMeterThread: Thread is done: スレッドグループ 1-273 
2015/10/09 12:37:00 INFO  - jmeter.threads.JMeterThread: Thread finished: スレッドグループ 1-273 
2015/10/09 12:37:00 INFO  - jmeter.threads.JMeterThread: Thread is done: スレッドグループ 1-272 
2015/10/09 12:37:00 INFO  - jmeter.threads.JMeterThread: Thread finished: スレッドグループ 1-272 
2015/10/09 12:37:00 INFO  - jmeter.threads.JMeterThread: Thread is done: スレッドグループ 1-271 
2015/10/09 12:37:00 INFO  - jmeter.threads.JMeterThread: Thread is done: スレッドグループ 1-277 
2015/10/09 12:37:00 INFO  - jmeter.threads.JMeterThread: Thread finished: スレッドグループ 1-277 
2015/10/09 12:37:00 INFO  - jmeter.threads.JMeterThread: Thread finished: スレッドグループ 1-271 
2015/10/09 12:37:00 INFO  - jmeter.threads.JMeterThread: Thread is done: スレッドグループ 1-276 
2015/10/09 12:37:00 INFO  - jmeter.threads.JMeterThread: Thread finished: スレッドグループ 1-276 
2015/10/09 12:37:00 INFO  - jmeter.threads.JMeterThread: Thread is done: スレッドグループ 1-275 
2015/10/09 12:37:00 INFO  - jmeter.threads.JMeterThread: Thread finished: スレッドグループ 1-275 
2015/10/09 12:37:00 INFO  - jmeter.threads.JMeterThread: Thread is done: スレッドグループ 1-282 
2015/10/09 12:37:00 INFO  - jmeter.threads.JMeterThread: Thread finished: スレッドグループ 1-282 
2015/10/09 12:37:01 INFO  - jmeter.threads.JMeterThread: Thread is done: スレッドグループ 1-279 
2015/10/09 12:37:01 INFO  - jmeter.threads.JMeterThread: Thread finished: スレッドグループ 1-279 
2015/10/09 12:37:01 INFO  - jmeter.threads.JMeterThread: Thread is done: スレッドグループ 1-278 
2015/10/09 12:37:01 INFO  - jmeter.threads.JMeterThread: Thread finished: スレッドグループ 1-278 
2015/10/09 12:37:01 INFO  - jmeter.threads.JMeterThread: Thread is done: スレッドグループ 1-274 
2015/10/09 12:37:01 INFO  - jmeter.threads.JMeterThread: Thread finished: スレッドグループ 1-274 
2015/10/09 12:37:01 INFO  - jmeter.threads.JMeterThread: Thread is done: スレッドグループ 1-285 
2015/10/09 12:37:01 INFO  - jmeter.threads.JMeterThread: Thread is done: スレッドグループ 1-281 
2015/10/09 12:37:01 INFO  - jmeter.threads.JMeterThread: Thread finished: スレッドグループ 1-285 
2015/10/09 12:37:01 INFO  - jmeter.threads.JMeterThread: Thread finished: スレッドグループ 1-281 
2015/10/09 12:37:01 INFO  - jmeter.threads.JMeterThread: Thread is done: スレッドグループ 1-288 
2015/10/09 12:37:01 INFO  - jmeter.threads.JMeterThread: Thread finished: スレッドグループ 1-288 
2015/10/09 12:37:01 INFO  - jmeter.threads.JMeterThread: Thread is done: スレッドグループ 1-284 
2015/10/09 12:37:01 INFO  - jmeter.threads.JMeterThread: Thread finished: スレッドグループ 1-284 
2015/10/09 12:37:01 INFO  - jmeter.threads.JMeterThread: Thread is done: スレッドグループ 1-280 
2015/10/09 12:37:01 INFO  - jmeter.threads.JMeterThread: Thread finished: スレッドグループ 1-280 
2015/10/09 12:37:01 INFO  - jmeter.threads.JMeterThread: Thread is done: スレッドグループ 1-289 
2015/10/09 12:37:01 INFO  - jmeter.threads.JMeterThread: Thread finished: スレッドグループ 1-289 
2015/10/09 12:37:01 INFO  - jmeter.threads.JMeterThread: Thread is done: スレッドグループ 1-286 
2015/10/09 12:37:01 INFO  - jmeter.threads.JMeterThread: Thread finished: スレッドグループ 1-286 
2015/10/09 12:37:02 INFO  - jmeter.threads.JMeterThread: Thread is done: スレッドグループ 1-290 
2015/10/09 12:37:02 INFO  - jmeter.threads.JMeterThread: Thread finished: スレッドグループ 1-290 
2015/10/09 12:37:02 INFO  - jmeter.threads.JMeterThread: Thread is done: スレッドグループ 1-283 
2015/10/09 12:37:02 INFO  - jmeter.threads.JMeterThread: Thread finished: スレッドグループ 1-283 
2015/10/09 12:37:02 INFO  - jmeter.threads.JMeterThread: Thread is done: スレッドグループ 1-287 
2015/10/09 12:37:02 INFO  - jmeter.threads.JMeterThread: Thread finished: スレッドグループ 1-287 
2015/10/09 12:37:03 INFO  - jmeter.threads.JMeterThread: Thread is done: スレッドグループ 1-291 
2015/10/09 12:37:03 INFO  - jmeter.threads.JMeterThread: Thread finished: スレッドグループ 1-291 
2015/10/09 12:37:03 INFO  - jmeter.threads.JMeterThread: Thread is done: スレッドグループ 1-292 
2015/10/09 12:37:03 INFO  - jmeter.threads.JMeterThread: Thread finished: スレッドグループ 1-292 
2015/10/09 12:37:03 INFO  - jmeter.threads.JMeterThread: Thread is done: スレッドグループ 1-296 
2015/10/09 12:37:03 INFO  - jmeter.threads.JMeterThread: Thread finished: スレッドグループ 1-296 
2015/10/09 12:37:03 INFO  - jmeter.threads.JMeterThread: Thread is done: スレッドグループ 1-293 
2015/10/09 12:37:03 INFO  - jmeter.threads.JMeterThread: Thread finished: スレッドグループ 1-293 
2015/10/09 12:37:03 INFO  - jmeter.threads.JMeterThread: Thread is done: スレッドグループ 1-298 
2015/10/09 12:37:03 INFO  - jmeter.threads.JMeterThread: Thread finished: スレッドグループ 1-298 
2015/10/09 12:37:03 INFO  - jmeter.threads.JMeterThread: Thread is done: スレッドグループ 1-297 
2015/10/09 12:37:03 INFO  - jmeter.threads.JMeterThread: Thread finished: スレッドグループ 1-297 
2015/10/09 12:37:04 INFO  - jmeter.threads.JMeterThread: Thread is done: スレッドグループ 1-294 
2015/10/09 12:37:04 INFO  - jmeter.threads.JMeterThread: Thread finished: スレッドグループ 1-294 
2015/10/09 12:37:04 INFO  - jmeter.threads.JMeterThread: Thread is done: スレッドグループ 1-300 
2015/10/09 12:37:04 INFO  - jmeter.threads.JMeterThread: Thread finished: スレッドグループ 1-300 
2015/10/09 12:37:04 INFO  - jmeter.threads.JMeterThread: Thread is done: スレッドグループ 1-299 
2015/10/09 12:37:04 INFO  - jmeter.threads.JMeterThread: Thread finished: スレッドグループ 1-299 
2015/10/09 12:37:05 INFO  - jmeter.threads.JMeterThread: Thread is done: スレッドグループ 1-295 
2015/10/09 12:37:05 INFO  - jmeter.threads.JMeterThread: Thread finished: スレッドグループ 1-295 
2015/10/09 12:37:05 INFO  - jmeter.engine.StandardJMeterEngine: Notifying test listeners of end of test 
2015/10/09 12:37:05 INFO  - jmeter.gui.util.JMeterMenuBar: setRunning(false,*local*) 
